Determining if files windows.h exist failed with the following output:
Change Dir: /Users/steph/Documents/CloudStation/ingescape/code/libzmq/builds/xcode/CMakeFiles/CMakeTmp

Run Build Command(s):/usr/bin/xcodebuild -project CMAKE_TRY_COMPILE.xcodeproj build -target cmTC_d12ba -configuration Debug -hideShellScriptEnvironment && User defaults from command line:
    HideShellScriptEnvironment = YES

Prepare build
note: Using legacy build system
=== BUILD TARGET cmTC_d12ba OF PROJECT CMAKE_TRY_COMPILE WITH CONFIGURATION Debug ===

Check dependencies

Write auxiliary files
/bin/mkdir -p /Users/steph/Documents/CloudStation/ingescape/code/libzmq/builds/xcode/CMakeFiles/CMakeTmp/CMAKE_TRY_COMPILE.build/Debug/cmTC_d12ba.build/Objects-normal/x86_64
write-file /Users/steph/Documents/CloudStation/ingescape/code/libzmq/builds/xcode/CMakeFiles/CMakeTmp/CMAKE_TRY_COMPILE.build/Debug/cmTC_d12ba.build/Objects-normal/x86_64/cmTC_d12ba.LinkFileList

CompileC CMAKE_TRY_COMPILE.build/Debug/cmTC_d12ba.build/Objects-normal/x86_64/ZMQ_HAVE_WINDOWS.o /Users/steph/Documents/CloudStation/ingescape/code/libzmq/builds/xcode/CMakeFiles/CheckIncludeFiles/ZMQ_HAVE_WINDOWS.c normal x86_64 c com.apple.compilers.llvm.clang.1_0.compiler
    cd /Users/steph/Documents/CloudStation/ingescape/code/libzmq/builds/xcode/CMakeFiles/CMakeTmp
    /Applications/Xcode.app/Contents/Developer/Toolchains/XcodeDefault.xctoolchain/usr/bin/clang -x c -target x86_64-apple-macos10.14 -fmessage-length=0 -fdiagnostics-show-note-include-stack -fmacro-backtrace-limit=0 -Wno-trigraphs -fpascal-strings -O0 -Wno-missing-field-initializers -Wno-missing-prototypes -Wno-return-type -Wno-missing-braces -Wparentheses -Wswitch -Wno-unused-function -Wno-unused-label -Wno-unused-parameter -Wno-unused-variable -Wunused-value -Wno-empty-body -Wno-uninitialized -Wno-unknown-pragmas -Wno-shadow -Wno-four-char-constants -Wno-conversion -Wno-constant-conversion -Wno-int-conversion -Wno-bool-conversion -Wno-enum-conversion -Wno-float-conversion -Wno-non-literal-null-conversion -Wno-objc-literal-conversion -Wno-shorten-64-to-32 -Wpointer-sign -Wno-newline-eof -DCMAKE_INTDIR=\"Debug\" -isysroot /Applications/Xcode.app/Contents/Developer/Platforms/MacOSX.platform/Developer/SDKs/MacOSX10.15.sdk -fasm-blocks -fstrict-aliasing -Wdeprecated-declarations -g -Wno-sign-conversion -Wno-infinite-recursion -Wno-comma -Wno-block-capture-autoreleasing -Wno-strict-prototypes -Wno-semicolon-before-method-body -I/Users/steph/Documents/CloudStation/ingescape/code/libzmq/builds/xcode/CMakeFiles/CMakeTmp/Debug/include -I/Users/steph/Documents/CloudStation/ingescape/code/libzmq/builds/xcode/CMakeFiles/CMakeTmp/CMAKE_TRY_COMPILE.build/Debug/cmTC_d12ba.build/DerivedSources-normal/x86_64 -I/Users/steph/Documents/CloudStation/ingescape/code/libzmq/builds/xcode/CMakeFiles/CMakeTmp/CMAKE_TRY_COMPILE.build/Debug/cmTC_d12ba.build/DerivedSources/x86_64 -I/Users/steph/Documents/CloudStation/ingescape/code/libzmq/builds/xcode/CMakeFiles/CMakeTmp/CMAKE_TRY_COMPILE.build/Debug/cmTC_d12ba.build/DerivedSources -Wmost -Wno-four-char-constants -Wno-unknown-pragmas -F/Users/steph/Documents/CloudStation/ingescape/code/libzmq/builds/xcode/CMakeFiles/CMakeTmp/Debug -std=gnu11 -Wno-tautological-constant-compare -MMD -MT dependencies -MF /Users/steph/Documents/CloudStation/ingescape/code/libzmq/builds/xcode/CMakeFiles/CMakeTmp/CMAKE_TRY_COMPILE.build/Debug/cmTC_d12ba.build/Objects-normal/x86_64/ZMQ_HAVE_WINDOWS.d --serialize-diagnostics /Users/steph/Documents/CloudStation/ingescape/code/libzmq/builds/xcode/CMakeFiles/CMakeTmp/CMAKE_TRY_COMPILE.build/Debug/cmTC_d12ba.build/Objects-normal/x86_64/ZMQ_HAVE_WINDOWS.dia -c /Users/steph/Documents/CloudStation/ingescape/code/libzmq/builds/xcode/CMakeFiles/CheckIncludeFiles/ZMQ_HAVE_WINDOWS.c -o /Users/steph/Documents/CloudStation/ingescape/code/libzmq/builds/xcode/CMakeFiles/CMakeTmp/CMAKE_TRY_COMPILE.build/Debug/cmTC_d12ba.build/Objects-normal/x86_64/ZMQ_HAVE_WINDOWS.o
/Users/steph/Documents/CloudStation/ingescape/code/libzmq/builds/xcode/CMakeFiles/CheckIncludeFiles/ZMQ_HAVE_WINDOWS.c:2:10: fatal error: 'windows.h' file not found
#include <windows.h>
         ^~~~~~~~~~~
1 error generated.

Ld Debug/cmTC_d12ba normal x86_64
    cd /Users/steph/Documents/CloudStation/ingescape/code/libzmq/builds/xcode/CMakeFiles/CMakeTmp
    /Applications/Xcode.app/Contents/Developer/Toolchains/XcodeDefault.xctoolchain/usr/bin/clang -target x86_64-apple-macos10.14 -isysroot /Applications/Xcode.app/Contents/Developer/Platforms/MacOSX.platform/Developer/SDKs/MacOSX10.15.sdk -L/Users/steph/Documents/CloudStation/ingescape/code/libzmq/builds/xcode/CMakeFiles/CMakeTmp/Debug -F/Users/steph/Documents/CloudStation/ingescape/code/libzmq/builds/xcode/CMakeFiles/CMakeTmp/Debug -filelist /Users/steph/Documents/CloudStation/ingescape/code/libzmq/builds/xcode/CMakeFiles/CMakeTmp/CMAKE_TRY_COMPILE.build/Debug/cmTC_d12ba.build/Objects-normal/x86_64/cmTC_d12ba.LinkFileList -Xlinker -object_path_lto -Xlinker /Users/steph/Documents/CloudStation/ingescape/code/libzmq/builds/xcode/CMakeFiles/CMakeTmp/CMAKE_TRY_COMPILE.build/Debug/cmTC_d12ba.build/Objects-normal/x86_64/cmTC_d12ba_lto.o -Xlinker -no_deduplicate -Wl,-search_paths_first -Wl,-headerpad_max_install_names -Xlinker -dependency_info -Xlinker /Users/steph/Documents/CloudStation/ingescape/code/libzmq/builds/xcode/CMakeFiles/CMakeTmp/CMAKE_TRY_COMPILE.build/Debug/cmTC_d12ba.build/Objects-normal/x86_64/cmTC_d12ba_dependency_info.dat -o /Users/steph/Documents/CloudStation/ingescape/code/libzmq/builds/xcode/CMakeFiles/CMakeTmp/Debug/cmTC_d12ba
ld: file not found: /Users/steph/Documents/CloudStation/ingescape/code/libzmq/builds/xcode/CMakeFiles/CMakeTmp/CMAKE_TRY_COMPILE.build/Debug/cmTC_d12ba.build/Objects-normal/x86_64/ZMQ_HAVE_WINDOWS.o
clang: error: linker command failed with exit code 1 (use -v to see invocation)

ProcessProductPackaging "" CMAKE_TRY_COMPILE.build/Debug/cmTC_d12ba.build/cmTC_d12ba.xcent
    cd /Users/steph/Documents/CloudStation/ingescape/code/libzmq/builds/xcode/CMakeFiles/CMakeTmp
    

Entitlements:

{
    "com.apple.security.get-task-allow" = 1;
}


    builtin-productPackagingUtility -entitlements -format xml -o /Users/steph/Documents/CloudStation/ingescape/code/libzmq/builds/xcode/CMakeFiles/CMakeTmp/CMAKE_TRY_COMPILE.build/Debug/cmTC_d12ba.build/cmTC_d12ba.xcent

CodeSign Debug/cmTC_d12ba
    cd /Users/steph/Documents/CloudStation/ingescape/code/libzmq/builds/xcode/CMakeFiles/CMakeTmp
    
Signing Identity:     "-"

    /usr/bin/codesign --force --sign - --entitlements /Users/steph/Documents/CloudStation/ingescape/code/libzmq/builds/xcode/CMakeFiles/CMakeTmp/CMAKE_TRY_COMPILE.build/Debug/cmTC_d12ba.build/cmTC_d12ba.xcent --timestamp=none /Users/steph/Documents/CloudStation/ingescape/code/libzmq/builds/xcode/CMakeFiles/CMakeTmp/Debug/cmTC_d12ba
/Users/steph/Documents/CloudStation/ingescape/code/libzmq/builds/xcode/CMakeFiles/CMakeTmp/Debug/cmTC_d12ba: No such file or directory
Command /usr/bin/codesign failed with exit code 1

** BUILD FAILED **


The following build commands failed:
	CompileC CMAKE_TRY_COMPILE.build/Debug/cmTC_d12ba.build/Objects-normal/x86_64/ZMQ_HAVE_WINDOWS.o /Users/steph/Documents/CloudStation/ingescape/code/libzmq/builds/xcode/CMakeFiles/CheckIncludeFiles/ZMQ_HAVE_WINDOWS.c normal x86_64 c com.apple.compilers.llvm.clang.1_0.compiler
	Ld Debug/cmTC_d12ba normal x86_64
	CodeSign Debug/cmTC_d12ba
(3 failures)


Source:
/* */
#include <windows.h>


int main(void){return 0;}

Determining if files sys/eventfd.h exist failed with the following output:
Change Dir: /Users/steph/Documents/CloudStation/ingescape/code/libzmq/builds/xcode/CMakeFiles/CMakeTmp

Run Build Command(s):/usr/bin/xcodebuild -project CMAKE_TRY_COMPILE.xcodeproj build -target cmTC_74910 -configuration Debug -hideShellScriptEnvironment && User defaults from command line:
    HideShellScriptEnvironment = YES

Prepare build
note: Using legacy build system
=== BUILD TARGET cmTC_74910 OF PROJECT CMAKE_TRY_COMPILE WITH CONFIGURATION Debug ===

Check dependencies

Write auxiliary files
/bin/mkdir -p /Users/steph/Documents/CloudStation/ingescape/code/libzmq/builds/xcode/CMakeFiles/CMakeTmp/CMAKE_TRY_COMPILE.build/Debug/cmTC_74910.build/Objects-normal/x86_64
write-file /Users/steph/Documents/CloudStation/ingescape/code/libzmq/builds/xcode/CMakeFiles/CMakeTmp/CMAKE_TRY_COMPILE.build/Debug/cmTC_74910.build/Objects-normal/x86_64/cmTC_74910.LinkFileList

CompileC CMAKE_TRY_COMPILE.build/Debug/cmTC_74910.build/Objects-normal/x86_64/ZMQ_HAVE_EVENTFD.o /Users/steph/Documents/CloudStation/ingescape/code/libzmq/builds/xcode/CMakeFiles/CheckIncludeFiles/ZMQ_HAVE_EVENTFD.c normal x86_64 c com.apple.compilers.llvm.clang.1_0.compiler
    cd /Users/steph/Documents/CloudStation/ingescape/code/libzmq/builds/xcode/CMakeFiles/CMakeTmp
    /Applications/Xcode.app/Contents/Developer/Toolchains/XcodeDefault.xctoolchain/usr/bin/clang -x c -target x86_64-apple-macos10.14 -fmessage-length=0 -fdiagnostics-show-note-include-stack -fmacro-backtrace-limit=0 -Wno-trigraphs -fpascal-strings -O0 -Wno-missing-field-initializers -Wno-missing-prototypes -Wno-return-type -Wno-missing-braces -Wparentheses -Wswitch -Wno-unused-function -Wno-unused-label -Wno-unused-parameter -Wno-unused-variable -Wunused-value -Wno-empty-body -Wno-uninitialized -Wno-unknown-pragmas -Wno-shadow -Wno-four-char-constants -Wno-conversion -Wno-constant-conversion -Wno-int-conversion -Wno-bool-conversion -Wno-enum-conversion -Wno-float-conversion -Wno-non-literal-null-conversion -Wno-objc-literal-conversion -Wno-shorten-64-to-32 -Wpointer-sign -Wno-newline-eof -DCMAKE_INTDIR=\"Debug\" -isysroot /Applications/Xcode.app/Contents/Developer/Platforms/MacOSX.platform/Developer/SDKs/MacOSX10.15.sdk -fasm-blocks -fstrict-aliasing -Wdeprecated-declarations -g -Wno-sign-conversion -Wno-infinite-recursion -Wno-comma -Wno-block-capture-autoreleasing -Wno-strict-prototypes -Wno-semicolon-before-method-body -I/Users/steph/Documents/CloudStation/ingescape/code/libzmq/builds/xcode/CMakeFiles/CMakeTmp/Debug/include -I/Users/steph/Documents/CloudStation/ingescape/code/libzmq/builds/xcode/CMakeFiles/CMakeTmp/CMAKE_TRY_COMPILE.build/Debug/cmTC_74910.build/DerivedSources-normal/x86_64 -I/Users/steph/Documents/CloudStation/ingescape/code/libzmq/builds/xcode/CMakeFiles/CMakeTmp/CMAKE_TRY_COMPILE.build/Debug/cmTC_74910.build/DerivedSources/x86_64 -I/Users/steph/Documents/CloudStation/ingescape/code/libzmq/builds/xcode/CMakeFiles/CMakeTmp/CMAKE_TRY_COMPILE.build/Debug/cmTC_74910.build/DerivedSources -Wmost -Wno-four-char-constants -Wno-unknown-pragmas -F/Users/steph/Documents/CloudStation/ingescape/code/libzmq/builds/xcode/CMakeFiles/CMakeTmp/Debug -std=gnu11 -Wno-tautological-constant-compare -MMD -MT dependencies -MF /Users/steph/Documents/CloudStation/ingescape/code/libzmq/builds/xcode/CMakeFiles/CMakeTmp/CMAKE_TRY_COMPILE.build/Debug/cmTC_74910.build/Objects-normal/x86_64/ZMQ_HAVE_EVENTFD.d --serialize-diagnostics /Users/steph/Documents/CloudStation/ingescape/code/libzmq/builds/xcode/CMakeFiles/CMakeTmp/CMAKE_TRY_COMPILE.build/Debug/cmTC_74910.build/Objects-normal/x86_64/ZMQ_HAVE_EVENTFD.dia -c /Users/steph/Documents/CloudStation/ingescape/code/libzmq/builds/xcode/CMakeFiles/CheckIncludeFiles/ZMQ_HAVE_EVENTFD.c -o /Users/steph/Documents/CloudStation/ingescape/code/libzmq/builds/xcode/CMakeFiles/CMakeTmp/CMAKE_TRY_COMPILE.build/Debug/cmTC_74910.build/Objects-normal/x86_64/ZMQ_HAVE_EVENTFD.o
/Users/steph/Documents/CloudStation/ingescape/code/libzmq/builds/xcode/CMakeFiles/CheckIncludeFiles/ZMQ_HAVE_EVENTFD.c:2:10: fatal error: 'sys/eventfd.h' file not found
#include <sys/eventfd.h>
         ^~~~~~~~~~~~~~~
1 error generated.

Ld Debug/cmTC_74910 normal x86_64
    cd /Users/steph/Documents/CloudStation/ingescape/code/libzmq/builds/xcode/CMakeFiles/CMakeTmp
    /Applications/Xcode.app/Contents/Developer/Toolchains/XcodeDefault.xctoolchain/usr/bin/clang -target x86_64-apple-macos10.14 -isysroot /Applications/Xcode.app/Contents/Developer/Platforms/MacOSX.platform/Developer/SDKs/MacOSX10.15.sdk -L/Users/steph/Documents/CloudStation/ingescape/code/libzmq/builds/xcode/CMakeFiles/CMakeTmp/Debug -F/Users/steph/Documents/CloudStation/ingescape/code/libzmq/builds/xcode/CMakeFiles/CMakeTmp/Debug -filelist /Users/steph/Documents/CloudStation/ingescape/code/libzmq/builds/xcode/CMakeFiles/CMakeTmp/CMAKE_TRY_COMPILE.build/Debug/cmTC_74910.build/Objects-normal/x86_64/cmTC_74910.LinkFileList -Xlinker -object_path_lto -Xlinker /Users/steph/Documents/CloudStation/ingescape/code/libzmq/builds/xcode/CMakeFiles/CMakeTmp/CMAKE_TRY_COMPILE.build/Debug/cmTC_74910.build/Objects-normal/x86_64/cmTC_74910_lto.o -Xlinker -no_deduplicate -Wl,-search_paths_first -Wl,-headerpad_max_install_names -Xlinker -dependency_info -Xlinker /Users/steph/Documents/CloudStation/ingescape/code/libzmq/builds/xcode/CMakeFiles/CMakeTmp/CMAKE_TRY_COMPILE.build/Debug/cmTC_74910.build/Objects-normal/x86_64/cmTC_74910_dependency_info.dat -o /Users/steph/Documents/CloudStation/ingescape/code/libzmq/builds/xcode/CMakeFiles/CMakeTmp/Debug/cmTC_74910
ld: file not found: /Users/steph/Documents/CloudStation/ingescape/code/libzmq/builds/xcode/CMakeFiles/CMakeTmp/CMAKE_TRY_COMPILE.build/Debug/cmTC_74910.build/Objects-normal/x86_64/ZMQ_HAVE_EVENTFD.o
clang: error: linker command failed with exit code 1 (use -v to see invocation)

ProcessProductPackaging "" CMAKE_TRY_COMPILE.build/Debug/cmTC_74910.build/cmTC_74910.xcent
    cd /Users/steph/Documents/CloudStation/ingescape/code/libzmq/builds/xcode/CMakeFiles/CMakeTmp
    

Entitlements:

{
    "com.apple.security.get-task-allow" = 1;
}


    builtin-productPackagingUtility -entitlements -format xml -o /Users/steph/Documents/CloudStation/ingescape/code/libzmq/builds/xcode/CMakeFiles/CMakeTmp/CMAKE_TRY_COMPILE.build/Debug/cmTC_74910.build/cmTC_74910.xcent

CodeSign Debug/cmTC_74910
    cd /Users/steph/Documents/CloudStation/ingescape/code/libzmq/builds/xcode/CMakeFiles/CMakeTmp
    
Signing Identity:     "-"

    /usr/bin/codesign --force --sign - --entitlements /Users/steph/Documents/CloudStation/ingescape/code/libzmq/builds/xcode/CMakeFiles/CMakeTmp/CMAKE_TRY_COMPILE.build/Debug/cmTC_74910.build/cmTC_74910.xcent --timestamp=none /Users/steph/Documents/CloudStation/ingescape/code/libzmq/builds/xcode/CMakeFiles/CMakeTmp/Debug/cmTC_74910
/Users/steph/Documents/CloudStation/ingescape/code/libzmq/builds/xcode/CMakeFiles/CMakeTmp/Debug/cmTC_74910: No such file or directory
Command /usr/bin/codesign failed with exit code 1

** BUILD FAILED **


The following build commands failed:
	CompileC CMAKE_TRY_COMPILE.build/Debug/cmTC_74910.build/Objects-normal/x86_64/ZMQ_HAVE_EVENTFD.o /Users/steph/Documents/CloudStation/ingescape/code/libzmq/builds/xcode/CMakeFiles/CheckIncludeFiles/ZMQ_HAVE_EVENTFD.c normal x86_64 c com.apple.compilers.llvm.clang.1_0.compiler
	Ld Debug/cmTC_74910 normal x86_64
	CodeSign Debug/cmTC_74910
(3 failures)


Source:
/* */
#include <sys/eventfd.h>


int main(void){return 0;}

Determining if the SO_PEERCRED exist failed with the following output:
Change Dir: /Users/steph/Documents/CloudStation/ingescape/code/libzmq/builds/xcode/CMakeFiles/CMakeTmp

Run Build Command(s):/usr/bin/xcodebuild -project CMAKE_TRY_COMPILE.xcodeproj build -target cmTC_c8491 -configuration Debug -hideShellScriptEnvironment && User defaults from command line:
    HideShellScriptEnvironment = YES

Prepare build
note: Using legacy build system
=== BUILD TARGET cmTC_c8491 OF PROJECT CMAKE_TRY_COMPILE WITH CONFIGURATION Debug ===

Check dependencies

Write auxiliary files
/bin/mkdir -p /Users/steph/Documents/CloudStation/ingescape/code/libzmq/builds/xcode/CMakeFiles/CMakeTmp/CMAKE_TRY_COMPILE.build/Debug/cmTC_c8491.build/Objects-normal/x86_64
write-file /Users/steph/Documents/CloudStation/ingescape/code/libzmq/builds/xcode/CMakeFiles/CMakeTmp/CMAKE_TRY_COMPILE.build/Debug/cmTC_c8491.build/Objects-normal/x86_64/cmTC_c8491.LinkFileList

CompileC CMAKE_TRY_COMPILE.build/Debug/cmTC_c8491.build/Objects-normal/x86_64/CheckSymbolExists.o CheckSymbolExists.cxx normal x86_64 c++ com.apple.compilers.llvm.clang.1_0.compiler
    cd /Users/steph/Documents/CloudStation/ingescape/code/libzmq/builds/xcode/CMakeFiles/CMakeTmp
    /Applications/Xcode.app/Contents/Developer/Toolchains/XcodeDefault.xctoolchain/usr/bin/clang -x c++ -target x86_64-apple-macos10.14 -fmessage-length=0 -fdiagnostics-show-note-include-stack -fmacro-backtrace-limit=0 -Wno-trigraphs -fpascal-strings -O0 -Wno-missing-field-initializers -Wno-missing-prototypes -Wno-return-type -Wno-non-virtual-dtor -Wno-overloaded-virtual -Wno-exit-time-destructors -Wno-missing-braces -Wparentheses -Wswitch -Wno-unused-function -Wno-unused-label -Wno-unused-parameter -Wno-unused-variable -Wunused-value -Wno-empty-body -Wno-uninitialized -Wno-unknown-pragmas -Wno-shadow -Wno-four-char-constants -Wno-conversion -Wno-constant-conversion -Wno-int-conversion -Wno-bool-conversion -Wno-enum-conversion -Wno-float-conversion -Wno-non-literal-null-conversion -Wno-objc-literal-conversion -Wno-shorten-64-to-32 -Wno-newline-eof -Wno-c++11-extensions -DCMAKE_INTDIR=\"Debug\" -isysroot /Applications/Xcode.app/Contents/Developer/Platforms/MacOSX.platform/Developer/SDKs/MacOSX10.15.sdk -fasm-blocks -fstrict-aliasing -Wdeprecated-declarations -Winvalid-offsetof -g -Wno-sign-conversion -Wno-infinite-recursion -Wno-move -Wno-comma -Wno-block-capture-autoreleasing -Wno-strict-prototypes -Wno-range-loop-analysis -Wno-semicolon-before-method-body -I/Users/steph/Documents/CloudStation/ingescape/code/libzmq/builds/xcode/CMakeFiles/CMakeTmp/Debug/include -I/Users/steph/Documents/CloudStation/ingescape/code/libzmq/builds/xcode/CMakeFiles/CMakeTmp/CMAKE_TRY_COMPILE.build/Debug/cmTC_c8491.build/DerivedSources-normal/x86_64 -I/Users/steph/Documents/CloudStation/ingescape/code/libzmq/builds/xcode/CMakeFiles/CMakeTmp/CMAKE_TRY_COMPILE.build/Debug/cmTC_c8491.build/DerivedSources/x86_64 -I/Users/steph/Documents/CloudStation/ingescape/code/libzmq/builds/xcode/CMakeFiles/CMakeTmp/CMAKE_TRY_COMPILE.build/Debug/cmTC_c8491.build/DerivedSources -Wmost -Wno-four-char-constants -Wno-unknown-pragmas -F/Users/steph/Documents/CloudStation/ingescape/code/libzmq/builds/xcode/CMakeFiles/CMakeTmp/Debug -std=gnu++11 -Wno-tautological-constant-compare -MMD -MT dependencies -MF /Users/steph/Documents/CloudStation/ingescape/code/libzmq/builds/xcode/CMakeFiles/CMakeTmp/CMAKE_TRY_COMPILE.build/Debug/cmTC_c8491.build/Objects-normal/x86_64/CheckSymbolExists.d --serialize-diagnostics /Users/steph/Documents/CloudStation/ingescape/code/libzmq/builds/xcode/CMakeFiles/CMakeTmp/CMAKE_TRY_COMPILE.build/Debug/cmTC_c8491.build/Objects-normal/x86_64/CheckSymbolExists.dia -c /Users/steph/Documents/CloudStation/ingescape/code/libzmq/builds/xcode/CMakeFiles/CMakeTmp/CheckSymbolExists.cxx -o /Users/steph/Documents/CloudStation/ingescape/code/libzmq/builds/xcode/CMakeFiles/CMakeTmp/CMAKE_TRY_COMPILE.build/Debug/cmTC_c8491.build/Objects-normal/x86_64/CheckSymbolExists.o
/Users/steph/Documents/CloudStation/ingescape/code/libzmq/builds/xcode/CMakeFiles/CMakeTmp/CheckSymbolExists.cxx:8:19: error: use of undeclared identifier 'SO_PEERCRED'
  return ((int*)(&SO_PEERCRED))[argc];
                  ^
1 error generated.

Ld Debug/cmTC_c8491 normal x86_64
    cd /Users/steph/Documents/CloudStation/ingescape/code/libzmq/builds/xcode/CMakeFiles/CMakeTmp
    /Applications/Xcode.app/Contents/Developer/Toolchains/XcodeDefault.xctoolchain/usr/bin/clang++ -target x86_64-apple-macos10.14 -isysroot /Applications/Xcode.app/Contents/Developer/Platforms/MacOSX.platform/Developer/SDKs/MacOSX10.15.sdk -L/Users/steph/Documents/CloudStation/ingescape/code/libzmq/builds/xcode/CMakeFiles/CMakeTmp/Debug -F/Users/steph/Documents/CloudStation/ingescape/code/libzmq/builds/xcode/CMakeFiles/CMakeTmp/Debug -filelist /Users/steph/Documents/CloudStation/ingescape/code/libzmq/builds/xcode/CMakeFiles/CMakeTmp/CMAKE_TRY_COMPILE.build/Debug/cmTC_c8491.build/Objects-normal/x86_64/cmTC_c8491.LinkFileList -Xlinker -object_path_lto -Xlinker /Users/steph/Documents/CloudStation/ingescape/code/libzmq/builds/xcode/CMakeFiles/CMakeTmp/CMAKE_TRY_COMPILE.build/Debug/cmTC_c8491.build/Objects-normal/x86_64/cmTC_c8491_lto.o -Xlinker -no_deduplicate -Wl,-search_paths_first -Wl,-headerpad_max_install_names -Xlinker -dependency_info -Xlinker /Users/steph/Documents/CloudStation/ingescape/code/libzmq/builds/xcode/CMakeFiles/CMakeTmp/CMAKE_TRY_COMPILE.build/Debug/cmTC_c8491.build/Objects-normal/x86_64/cmTC_c8491_dependency_info.dat -o /Users/steph/Documents/CloudStation/ingescape/code/libzmq/builds/xcode/CMakeFiles/CMakeTmp/Debug/cmTC_c8491
ld: file not found: /Users/steph/Documents/CloudStation/ingescape/code/libzmq/builds/xcode/CMakeFiles/CMakeTmp/CMAKE_TRY_COMPILE.build/Debug/cmTC_c8491.build/Objects-normal/x86_64/CheckSymbolExists.o
clang: error: linker command failed with exit code 1 (use -v to see invocation)

ProcessProductPackaging "" CMAKE_TRY_COMPILE.build/Debug/cmTC_c8491.build/cmTC_c8491.xcent
    cd /Users/steph/Documents/CloudStation/ingescape/code/libzmq/builds/xcode/CMakeFiles/CMakeTmp
    

Entitlements:

{
    "com.apple.security.get-task-allow" = 1;
}


    builtin-productPackagingUtility -entitlements -format xml -o /Users/steph/Documents/CloudStation/ingescape/code/libzmq/builds/xcode/CMakeFiles/CMakeTmp/CMAKE_TRY_COMPILE.build/Debug/cmTC_c8491.build/cmTC_c8491.xcent

CodeSign Debug/cmTC_c8491
    cd /Users/steph/Documents/CloudStation/ingescape/code/libzmq/builds/xcode/CMakeFiles/CMakeTmp
    
Signing Identity:     "-"

    /usr/bin/codesign --force --sign - --entitlements /Users/steph/Documents/CloudStation/ingescape/code/libzmq/builds/xcode/CMakeFiles/CMakeTmp/CMAKE_TRY_COMPILE.build/Debug/cmTC_c8491.build/cmTC_c8491.xcent --timestamp=none /Users/steph/Documents/CloudStation/ingescape/code/libzmq/builds/xcode/CMakeFiles/CMakeTmp/Debug/cmTC_c8491
/Users/steph/Documents/CloudStation/ingescape/code/libzmq/builds/xcode/CMakeFiles/CMakeTmp/Debug/cmTC_c8491: No such file or directory
Command /usr/bin/codesign failed with exit code 1

** BUILD FAILED **


The following build commands failed:
	CompileC CMAKE_TRY_COMPILE.build/Debug/cmTC_c8491.build/Objects-normal/x86_64/CheckSymbolExists.o CheckSymbolExists.cxx normal x86_64 c++ com.apple.compilers.llvm.clang.1_0.compiler
	Ld Debug/cmTC_c8491 normal x86_64
	CodeSign Debug/cmTC_c8491
(3 failures)


File /Users/steph/Documents/CloudStation/ingescape/code/libzmq/builds/xcode/CMakeFiles/CMakeTmp/CheckSymbolExists.cxx:
/* */
#include <sys/socket.h>

int main(int argc, char** argv)
{
  (void)argv;
#ifndef SO_PEERCRED
  return ((int*)(&SO_PEERCRED))[argc];
#else
  (void)argc;
  return 0;
#endif
}

Determining if the LOCAL_PEERCRED exist failed with the following output:
Change Dir: /Users/steph/Documents/CloudStation/ingescape/code/libzmq/builds/xcode/CMakeFiles/CMakeTmp

Run Build Command(s):/usr/bin/xcodebuild -project CMAKE_TRY_COMPILE.xcodeproj build -target cmTC_7f9a9 -configuration Debug -hideShellScriptEnvironment && User defaults from command line:
    HideShellScriptEnvironment = YES

Prepare build
note: Using legacy build system
=== BUILD TARGET cmTC_7f9a9 OF PROJECT CMAKE_TRY_COMPILE WITH CONFIGURATION Debug ===

Check dependencies

Write auxiliary files
/bin/mkdir -p /Users/steph/Documents/CloudStation/ingescape/code/libzmq/builds/xcode/CMakeFiles/CMakeTmp/CMAKE_TRY_COMPILE.build/Debug/cmTC_7f9a9.build/Objects-normal/x86_64
write-file /Users/steph/Documents/CloudStation/ingescape/code/libzmq/builds/xcode/CMakeFiles/CMakeTmp/CMAKE_TRY_COMPILE.build/Debug/cmTC_7f9a9.build/Objects-normal/x86_64/cmTC_7f9a9.LinkFileList

CompileC CMAKE_TRY_COMPILE.build/Debug/cmTC_7f9a9.build/Objects-normal/x86_64/CheckSymbolExists.o CheckSymbolExists.cxx normal x86_64 c++ com.apple.compilers.llvm.clang.1_0.compiler
    cd /Users/steph/Documents/CloudStation/ingescape/code/libzmq/builds/xcode/CMakeFiles/CMakeTmp
    /Applications/Xcode.app/Contents/Developer/Toolchains/XcodeDefault.xctoolchain/usr/bin/clang -x c++ -target x86_64-apple-macos10.14 -fmessage-length=0 -fdiagnostics-show-note-include-stack -fmacro-backtrace-limit=0 -Wno-trigraphs -fpascal-strings -O0 -Wno-missing-field-initializers -Wno-missing-prototypes -Wno-return-type -Wno-non-virtual-dtor -Wno-overloaded-virtual -Wno-exit-time-destructors -Wno-missing-braces -Wparentheses -Wswitch -Wno-unused-function -Wno-unused-label -Wno-unused-parameter -Wno-unused-variable -Wunused-value -Wno-empty-body -Wno-uninitialized -Wno-unknown-pragmas -Wno-shadow -Wno-four-char-constants -Wno-conversion -Wno-constant-conversion -Wno-int-conversion -Wno-bool-conversion -Wno-enum-conversion -Wno-float-conversion -Wno-non-literal-null-conversion -Wno-objc-literal-conversion -Wno-shorten-64-to-32 -Wno-newline-eof -Wno-c++11-extensions -DCMAKE_INTDIR=\"Debug\" -isysroot /Applications/Xcode.app/Contents/Developer/Platforms/MacOSX.platform/Developer/SDKs/MacOSX10.15.sdk -fasm-blocks -fstrict-aliasing -Wdeprecated-declarations -Winvalid-offsetof -g -Wno-sign-conversion -Wno-infinite-recursion -Wno-move -Wno-comma -Wno-block-capture-autoreleasing -Wno-strict-prototypes -Wno-range-loop-analysis -Wno-semicolon-before-method-body -I/Users/steph/Documents/CloudStation/ingescape/code/libzmq/builds/xcode/CMakeFiles/CMakeTmp/Debug/include -I/Users/steph/Documents/CloudStation/ingescape/code/libzmq/builds/xcode/CMakeFiles/CMakeTmp/CMAKE_TRY_COMPILE.build/Debug/cmTC_7f9a9.build/DerivedSources-normal/x86_64 -I/Users/steph/Documents/CloudStation/ingescape/code/libzmq/builds/xcode/CMakeFiles/CMakeTmp/CMAKE_TRY_COMPILE.build/Debug/cmTC_7f9a9.build/DerivedSources/x86_64 -I/Users/steph/Documents/CloudStation/ingescape/code/libzmq/builds/xcode/CMakeFiles/CMakeTmp/CMAKE_TRY_COMPILE.build/Debug/cmTC_7f9a9.build/DerivedSources -Wmost -Wno-four-char-constants -Wno-unknown-pragmas -F/Users/steph/Documents/CloudStation/ingescape/code/libzmq/builds/xcode/CMakeFiles/CMakeTmp/Debug -std=gnu++11 -Wno-tautological-constant-compare -MMD -MT dependencies -MF /Users/steph/Documents/CloudStation/ingescape/code/libzmq/builds/xcode/CMakeFiles/CMakeTmp/CMAKE_TRY_COMPILE.build/Debug/cmTC_7f9a9.build/Objects-normal/x86_64/CheckSymbolExists.d --serialize-diagnostics /Users/steph/Documents/CloudStation/ingescape/code/libzmq/builds/xcode/CMakeFiles/CMakeTmp/CMAKE_TRY_COMPILE.build/Debug/cmTC_7f9a9.build/Objects-normal/x86_64/CheckSymbolExists.dia -c /Users/steph/Documents/CloudStation/ingescape/code/libzmq/builds/xcode/CMakeFiles/CMakeTmp/CheckSymbolExists.cxx -o /Users/steph/Documents/CloudStation/ingescape/code/libzmq/builds/xcode/CMakeFiles/CMakeTmp/CMAKE_TRY_COMPILE.build/Debug/cmTC_7f9a9.build/Objects-normal/x86_64/CheckSymbolExists.o
/Users/steph/Documents/CloudStation/ingescape/code/libzmq/builds/xcode/CMakeFiles/CMakeTmp/CheckSymbolExists.cxx:8:19: error: use of undeclared identifier 'LOCAL_PEERCRED'
  return ((int*)(&LOCAL_PEERCRED))[argc];
                  ^
1 error generated.

Ld Debug/cmTC_7f9a9 normal x86_64
    cd /Users/steph/Documents/CloudStation/ingescape/code/libzmq/builds/xcode/CMakeFiles/CMakeTmp
    /Applications/Xcode.app/Contents/Developer/Toolchains/XcodeDefault.xctoolchain/usr/bin/clang++ -target x86_64-apple-macos10.14 -isysroot /Applications/Xcode.app/Contents/Developer/Platforms/MacOSX.platform/Developer/SDKs/MacOSX10.15.sdk -L/Users/steph/Documents/CloudStation/ingescape/code/libzmq/builds/xcode/CMakeFiles/CMakeTmp/Debug -F/Users/steph/Documents/CloudStation/ingescape/code/libzmq/builds/xcode/CMakeFiles/CMakeTmp/Debug -filelist /Users/steph/Documents/CloudStation/ingescape/code/libzmq/builds/xcode/CMakeFiles/CMakeTmp/CMAKE_TRY_COMPILE.build/Debug/cmTC_7f9a9.build/Objects-normal/x86_64/cmTC_7f9a9.LinkFileList -Xlinker -object_path_lto -Xlinker /Users/steph/Documents/CloudStation/ingescape/code/libzmq/builds/xcode/CMakeFiles/CMakeTmp/CMAKE_TRY_COMPILE.build/Debug/cmTC_7f9a9.build/Objects-normal/x86_64/cmTC_7f9a9_lto.o -Xlinker -no_deduplicate -Wl,-search_paths_first -Wl,-headerpad_max_install_names -Xlinker -dependency_info -Xlinker /Users/steph/Documents/CloudStation/ingescape/code/libzmq/builds/xcode/CMakeFiles/CMakeTmp/CMAKE_TRY_COMPILE.build/Debug/cmTC_7f9a9.build/Objects-normal/x86_64/cmTC_7f9a9_dependency_info.dat -o /Users/steph/Documents/CloudStation/ingescape/code/libzmq/builds/xcode/CMakeFiles/CMakeTmp/Debug/cmTC_7f9a9
ld: file not found: /Users/steph/Documents/CloudStation/ingescape/code/libzmq/builds/xcode/CMakeFiles/CMakeTmp/CMAKE_TRY_COMPILE.build/Debug/cmTC_7f9a9.build/Objects-normal/x86_64/CheckSymbolExists.o
clang: error: linker command failed with exit code 1 (use -v to see invocation)

ProcessProductPackaging "" CMAKE_TRY_COMPILE.build/Debug/cmTC_7f9a9.build/cmTC_7f9a9.xcent
    cd /Users/steph/Documents/CloudStation/ingescape/code/libzmq/builds/xcode/CMakeFiles/CMakeTmp
    

Entitlements:

{
    "com.apple.security.get-task-allow" = 1;
}


    builtin-productPackagingUtility -entitlements -format xml -o /Users/steph/Documents/CloudStation/ingescape/code/libzmq/builds/xcode/CMakeFiles/CMakeTmp/CMAKE_TRY_COMPILE.build/Debug/cmTC_7f9a9.build/cmTC_7f9a9.xcent

CodeSign Debug/cmTC_7f9a9
    cd /Users/steph/Documents/CloudStation/ingescape/code/libzmq/builds/xcode/CMakeFiles/CMakeTmp
    
Signing Identity:     "-"

    /usr/bin/codesign --force --sign - --entitlements /Users/steph/Documents/CloudStation/ingescape/code/libzmq/builds/xcode/CMakeFiles/CMakeTmp/CMAKE_TRY_COMPILE.build/Debug/cmTC_7f9a9.build/cmTC_7f9a9.xcent --timestamp=none /Users/steph/Documents/CloudStation/ingescape/code/libzmq/builds/xcode/CMakeFiles/CMakeTmp/Debug/cmTC_7f9a9
/Users/steph/Documents/CloudStation/ingescape/code/libzmq/builds/xcode/CMakeFiles/CMakeTmp/Debug/cmTC_7f9a9: No such file or directory
Command /usr/bin/codesign failed with exit code 1

** BUILD FAILED **


The following build commands failed:
	CompileC CMAKE_TRY_COMPILE.build/Debug/cmTC_7f9a9.build/Objects-normal/x86_64/CheckSymbolExists.o CheckSymbolExists.cxx normal x86_64 c++ com.apple.compilers.llvm.clang.1_0.compiler
	Ld Debug/cmTC_7f9a9 normal x86_64
	CodeSign Debug/cmTC_7f9a9
(3 failures)


File /Users/steph/Documents/CloudStation/ingescape/code/libzmq/builds/xcode/CMakeFiles/CMakeTmp/CheckSymbolExists.cxx:
/* */
#include <sys/socket.h>

int main(int argc, char** argv)
{
  (void)argv;
#ifndef LOCAL_PEERCRED
  return ((int*)(&LOCAL_PEERCRED))[argc];
#else
  (void)argc;
  return 0;
#endif
}

Determining if the clock_gettime exist failed with the following output:
Change Dir: /Users/steph/Documents/CloudStation/ingescape/code/libzmq/builds/xcode/CMakeFiles/CMakeTmp

Run Build Command(s):/usr/bin/xcodebuild -project CMAKE_TRY_COMPILE.xcodeproj build -target cmTC_570d0 -configuration Debug -hideShellScriptEnvironment && User defaults from command line:
    HideShellScriptEnvironment = YES

Prepare build
note: Using legacy build system
=== BUILD TARGET cmTC_570d0 OF PROJECT CMAKE_TRY_COMPILE WITH CONFIGURATION Debug ===

Check dependencies

Write auxiliary files
/bin/mkdir -p /Users/steph/Documents/CloudStation/ingescape/code/libzmq/builds/xcode/CMakeFiles/CMakeTmp/CMAKE_TRY_COMPILE.build/Debug/cmTC_570d0.build/Objects-normal/x86_64
write-file /Users/steph/Documents/CloudStation/ingescape/code/libzmq/builds/xcode/CMakeFiles/CMakeTmp/CMAKE_TRY_COMPILE.build/Debug/cmTC_570d0.build/Objects-normal/x86_64/cmTC_570d0.LinkFileList

CompileC CMAKE_TRY_COMPILE.build/Debug/cmTC_570d0.build/Objects-normal/x86_64/CheckSymbolExists.o CheckSymbolExists.cxx normal x86_64 c++ com.apple.compilers.llvm.clang.1_0.compiler
    cd /Users/steph/Documents/CloudStation/ingescape/code/libzmq/builds/xcode/CMakeFiles/CMakeTmp
    /Applications/Xcode.app/Contents/Developer/Toolchains/XcodeDefault.xctoolchain/usr/bin/clang -x c++ -target x86_64-apple-macos10.14 -fmessage-length=0 -fdiagnostics-show-note-include-stack -fmacro-backtrace-limit=0 -Wno-trigraphs -fpascal-strings -O0 -Wno-missing-field-initializers -Wno-missing-prototypes -Wno-return-type -Wno-non-virtual-dtor -Wno-overloaded-virtual -Wno-exit-time-destructors -Wno-missing-braces -Wparentheses -Wswitch -Wno-unused-function -Wno-unused-label -Wno-unused-parameter -Wno-unused-variable -Wunused-value -Wno-empty-body -Wno-uninitialized -Wno-unknown-pragmas -Wno-shadow -Wno-four-char-constants -Wno-conversion -Wno-constant-conversion -Wno-int-conversion -Wno-bool-conversion -Wno-enum-conversion -Wno-float-conversion -Wno-non-literal-null-conversion -Wno-objc-literal-conversion -Wno-shorten-64-to-32 -Wno-newline-eof -Wno-c++11-extensions -DCMAKE_INTDIR=\"Debug\" -isysroot /Applications/Xcode.app/Contents/Developer/Platforms/MacOSX.platform/Developer/SDKs/MacOSX10.15.sdk -fasm-blocks -fstrict-aliasing -Wdeprecated-declarations -Winvalid-offsetof -g -Wno-sign-conversion -Wno-infinite-recursion -Wno-move -Wno-comma -Wno-block-capture-autoreleasing -Wno-strict-prototypes -Wno-range-loop-analysis -Wno-semicolon-before-method-body -I/Users/steph/Documents/CloudStation/ingescape/code/libzmq/builds/xcode/CMakeFiles/CMakeTmp/Debug/include -I/Users/steph/Documents/CloudStation/ingescape/code/libzmq/builds/xcode/CMakeFiles/CMakeTmp/CMAKE_TRY_COMPILE.build/Debug/cmTC_570d0.build/DerivedSources-normal/x86_64 -I/Users/steph/Documents/CloudStation/ingescape/code/libzmq/builds/xcode/CMakeFiles/CMakeTmp/CMAKE_TRY_COMPILE.build/Debug/cmTC_570d0.build/DerivedSources/x86_64 -I/Users/steph/Documents/CloudStation/ingescape/code/libzmq/builds/xcode/CMakeFiles/CMakeTmp/CMAKE_TRY_COMPILE.build/Debug/cmTC_570d0.build/DerivedSources -Wmost -Wno-four-char-constants -Wno-unknown-pragmas -F/Users/steph/Documents/CloudStation/ingescape/code/libzmq/builds/xcode/CMakeFiles/CMakeTmp/Debug -std=gnu++11 -Wno-tautological-constant-compare -MMD -MT dependencies -MF /Users/steph/Documents/CloudStation/ingescape/code/libzmq/builds/xcode/CMakeFiles/CMakeTmp/CMAKE_TRY_COMPILE.build/Debug/cmTC_570d0.build/Objects-normal/x86_64/CheckSymbolExists.d --serialize-diagnostics /Users/steph/Documents/CloudStation/ingescape/code/libzmq/builds/xcode/CMakeFiles/CMakeTmp/CMAKE_TRY_COMPILE.build/Debug/cmTC_570d0.build/Objects-normal/x86_64/CheckSymbolExists.dia -c /Users/steph/Documents/CloudStation/ingescape/code/libzmq/builds/xcode/CMakeFiles/CMakeTmp/CheckSymbolExists.cxx -o /Users/steph/Documents/CloudStation/ingescape/code/libzmq/builds/xcode/CMakeFiles/CMakeTmp/CMAKE_TRY_COMPILE.build/Debug/cmTC_570d0.build/Objects-normal/x86_64/CheckSymbolExists.o

Ld Debug/cmTC_570d0 normal x86_64
    cd /Users/steph/Documents/CloudStation/ingescape/code/libzmq/builds/xcode/CMakeFiles/CMakeTmp
    /Applications/Xcode.app/Contents/Developer/Toolchains/XcodeDefault.xctoolchain/usr/bin/clang++ -target x86_64-apple-macos10.14 -isysroot /Applications/Xcode.app/Contents/Developer/Platforms/MacOSX.platform/Developer/SDKs/MacOSX10.15.sdk -L/Users/steph/Documents/CloudStation/ingescape/code/libzmq/builds/xcode/CMakeFiles/CMakeTmp/Debug -F/Users/steph/Documents/CloudStation/ingescape/code/libzmq/builds/xcode/CMakeFiles/CMakeTmp/Debug -filelist /Users/steph/Documents/CloudStation/ingescape/code/libzmq/builds/xcode/CMakeFiles/CMakeTmp/CMAKE_TRY_COMPILE.build/Debug/cmTC_570d0.build/Objects-normal/x86_64/cmTC_570d0.LinkFileList -Xlinker -object_path_lto -Xlinker /Users/steph/Documents/CloudStation/ingescape/code/libzmq/builds/xcode/CMakeFiles/CMakeTmp/CMAKE_TRY_COMPILE.build/Debug/cmTC_570d0.build/Objects-normal/x86_64/cmTC_570d0_lto.o -Xlinker -no_deduplicate -Wl,-search_paths_first -Wl,-headerpad_max_install_names -lrt -Xlinker -dependency_info -Xlinker /Users/steph/Documents/CloudStation/ingescape/code/libzmq/builds/xcode/CMakeFiles/CMakeTmp/CMAKE_TRY_COMPILE.build/Debug/cmTC_570d0.build/Objects-normal/x86_64/cmTC_570d0_dependency_info.dat -o /Users/steph/Documents/CloudStation/ingescape/code/libzmq/builds/xcode/CMakeFiles/CMakeTmp/Debug/cmTC_570d0
ld: library not found for -lrt
clang: error: linker command failed with exit code 1 (use -v to see invocation)

ProcessProductPackaging "" CMAKE_TRY_COMPILE.build/Debug/cmTC_570d0.build/cmTC_570d0.xcent
    cd /Users/steph/Documents/CloudStation/ingescape/code/libzmq/builds/xcode/CMakeFiles/CMakeTmp
    

Entitlements:

{
    "com.apple.security.get-task-allow" = 1;
}


    builtin-productPackagingUtility -entitlements -format xml -o /Users/steph/Documents/CloudStation/ingescape/code/libzmq/builds/xcode/CMakeFiles/CMakeTmp/CMAKE_TRY_COMPILE.build/Debug/cmTC_570d0.build/cmTC_570d0.xcent

CodeSign Debug/cmTC_570d0
    cd /Users/steph/Documents/CloudStation/ingescape/code/libzmq/builds/xcode/CMakeFiles/CMakeTmp
    
Signing Identity:     "-"

    /usr/bin/codesign --force --sign - --entitlements /Users/steph/Documents/CloudStation/ingescape/code/libzmq/builds/xcode/CMakeFiles/CMakeTmp/CMAKE_TRY_COMPILE.build/Debug/cmTC_570d0.build/cmTC_570d0.xcent --timestamp=none /Users/steph/Documents/CloudStation/ingescape/code/libzmq/builds/xcode/CMakeFiles/CMakeTmp/Debug/cmTC_570d0
/Users/steph/Documents/CloudStation/ingescape/code/libzmq/builds/xcode/CMakeFiles/CMakeTmp/Debug/cmTC_570d0: No such file or directory
Command /usr/bin/codesign failed with exit code 1

** BUILD FAILED **


The following build commands failed:
	Ld Debug/cmTC_570d0 normal x86_64
	CodeSign Debug/cmTC_570d0
(2 failures)


File /Users/steph/Documents/CloudStation/ingescape/code/libzmq/builds/xcode/CMakeFiles/CMakeTmp/CheckSymbolExists.cxx:
/* */
#include <time.h>

int main(int argc, char** argv)
{
  (void)argv;
#ifndef clock_gettime
  return ((int*)(&clock_gettime))[argc];
#else
  (void)argc;
  return 0;
#endif
}

Determining if the gethrtimei exist failed with the following output:
Change Dir: /Users/steph/Documents/CloudStation/ingescape/code/libzmq/builds/xcode/CMakeFiles/CMakeTmp

Run Build Command(s):/usr/bin/xcodebuild -project CMAKE_TRY_COMPILE.xcodeproj build -target cmTC_be18a -configuration Debug -hideShellScriptEnvironment && User defaults from command line:
    HideShellScriptEnvironment = YES

Prepare build
note: Using legacy build system
=== BUILD TARGET cmTC_be18a OF PROJECT CMAKE_TRY_COMPILE WITH CONFIGURATION Debug ===

Check dependencies

Write auxiliary files
/bin/mkdir -p /Users/steph/Documents/CloudStation/ingescape/code/libzmq/builds/xcode/CMakeFiles/CMakeTmp/CMAKE_TRY_COMPILE.build/Debug/cmTC_be18a.build/Objects-normal/x86_64
write-file /Users/steph/Documents/CloudStation/ingescape/code/libzmq/builds/xcode/CMakeFiles/CMakeTmp/CMAKE_TRY_COMPILE.build/Debug/cmTC_be18a.build/Objects-normal/x86_64/cmTC_be18a.LinkFileList

CompileC CMAKE_TRY_COMPILE.build/Debug/cmTC_be18a.build/Objects-normal/x86_64/CheckSymbolExists.o CheckSymbolExists.cxx normal x86_64 c++ com.apple.compilers.llvm.clang.1_0.compiler
    cd /Users/steph/Documents/CloudStation/ingescape/code/libzmq/builds/xcode/CMakeFiles/CMakeTmp
    /Applications/Xcode.app/Contents/Developer/Toolchains/XcodeDefault.xctoolchain/usr/bin/clang -x c++ -target x86_64-apple-macos10.14 -fmessage-length=0 -fdiagnostics-show-note-include-stack -fmacro-backtrace-limit=0 -Wno-trigraphs -fpascal-strings -O0 -Wno-missing-field-initializers -Wno-missing-prototypes -Wno-return-type -Wno-non-virtual-dtor -Wno-overloaded-virtual -Wno-exit-time-destructors -Wno-missing-braces -Wparentheses -Wswitch -Wno-unused-function -Wno-unused-label -Wno-unused-parameter -Wno-unused-variable -Wunused-value -Wno-empty-body -Wno-uninitialized -Wno-unknown-pragmas -Wno-shadow -Wno-four-char-constants -Wno-conversion -Wno-constant-conversion -Wno-int-conversion -Wno-bool-conversion -Wno-enum-conversion -Wno-float-conversion -Wno-non-literal-null-conversion -Wno-objc-literal-conversion -Wno-shorten-64-to-32 -Wno-newline-eof -Wno-c++11-extensions -DCMAKE_INTDIR=\"Debug\" -isysroot /Applications/Xcode.app/Contents/Developer/Platforms/MacOSX.platform/Developer/SDKs/MacOSX10.15.sdk -fasm-blocks -fstrict-aliasing -Wdeprecated-declarations -Winvalid-offsetof -g -Wno-sign-conversion -Wno-infinite-recursion -Wno-move -Wno-comma -Wno-block-capture-autoreleasing -Wno-strict-prototypes -Wno-range-loop-analysis -Wno-semicolon-before-method-body -I/Users/steph/Documents/CloudStation/ingescape/code/libzmq/builds/xcode/CMakeFiles/CMakeTmp/Debug/include -I/Users/steph/Documents/CloudStation/ingescape/code/libzmq/builds/xcode/CMakeFiles/CMakeTmp/CMAKE_TRY_COMPILE.build/Debug/cmTC_be18a.build/DerivedSources-normal/x86_64 -I/Users/steph/Documents/CloudStation/ingescape/code/libzmq/builds/xcode/CMakeFiles/CMakeTmp/CMAKE_TRY_COMPILE.build/Debug/cmTC_be18a.build/DerivedSources/x86_64 -I/Users/steph/Documents/CloudStation/ingescape/code/libzmq/builds/xcode/CMakeFiles/CMakeTmp/CMAKE_TRY_COMPILE.build/Debug/cmTC_be18a.build/DerivedSources -Wmost -Wno-four-char-constants -Wno-unknown-pragmas -F/Users/steph/Documents/CloudStation/ingescape/code/libzmq/builds/xcode/CMakeFiles/CMakeTmp/Debug -std=gnu++11 -Wno-tautological-constant-compare -MMD -MT dependencies -MF /Users/steph/Documents/CloudStation/ingescape/code/libzmq/builds/xcode/CMakeFiles/CMakeTmp/CMAKE_TRY_COMPILE.build/Debug/cmTC_be18a.build/Objects-normal/x86_64/CheckSymbolExists.d --serialize-diagnostics /Users/steph/Documents/CloudStation/ingescape/code/libzmq/builds/xcode/CMakeFiles/CMakeTmp/CMAKE_TRY_COMPILE.build/Debug/cmTC_be18a.build/Objects-normal/x86_64/CheckSymbolExists.dia -c /Users/steph/Documents/CloudStation/ingescape/code/libzmq/builds/xcode/CMakeFiles/CMakeTmp/CheckSymbolExists.cxx -o /Users/steph/Documents/CloudStation/ingescape/code/libzmq/builds/xcode/CMakeFiles/CMakeTmp/CMAKE_TRY_COMPILE.build/Debug/cmTC_be18a.build/Objects-normal/x86_64/CheckSymbolExists.o
/Users/steph/Documents/CloudStation/ingescape/code/libzmq/builds/xcode/CMakeFiles/CMakeTmp/CheckSymbolExists.cxx:8:19: error: use of undeclared identifier 'gethrtimei'; did you mean 'getitimer'?
  return ((int*)(&gethrtimei))[argc];
                  ^~~~~~~~~~
                  getitimer
In file included from /Users/steph/Documents/CloudStation/ingescape/code/libzmq/builds/xcode/CMakeFiles/CMakeTmp/CheckSymbolExists.cxx:2:
/Applications/Xcode.app/Contents/Developer/Platforms/MacOSX.platform/Developer/SDKs/MacOSX10.15.sdk/usr/include/sys/time.h:196:9: note: 'getitimer' declared here
int     getitimer(int, struct itimerval *);
        ^
1 error generated.

Ld Debug/cmTC_be18a normal x86_64
    cd /Users/steph/Documents/CloudStation/ingescape/code/libzmq/builds/xcode/CMakeFiles/CMakeTmp
    /Applications/Xcode.app/Contents/Developer/Toolchains/XcodeDefault.xctoolchain/usr/bin/clang++ -target x86_64-apple-macos10.14 -isysroot /Applications/Xcode.app/Contents/Developer/Platforms/MacOSX.platform/Developer/SDKs/MacOSX10.15.sdk -L/Users/steph/Documents/CloudStation/ingescape/code/libzmq/builds/xcode/CMakeFiles/CMakeTmp/Debug -F/Users/steph/Documents/CloudStation/ingescape/code/libzmq/builds/xcode/CMakeFiles/CMakeTmp/Debug -filelist /Users/steph/Documents/CloudStation/ingescape/code/libzmq/builds/xcode/CMakeFiles/CMakeTmp/CMAKE_TRY_COMPILE.build/Debug/cmTC_be18a.build/Objects-normal/x86_64/cmTC_be18a.LinkFileList -Xlinker -object_path_lto -Xlinker /Users/steph/Documents/CloudStation/ingescape/code/libzmq/builds/xcode/CMakeFiles/CMakeTmp/CMAKE_TRY_COMPILE.build/Debug/cmTC_be18a.build/Objects-normal/x86_64/cmTC_be18a_lto.o -Xlinker -no_deduplicate -Wl,-search_paths_first -Wl,-headerpad_max_install_names -Xlinker -dependency_info -Xlinker /Users/steph/Documents/CloudStation/ingescape/code/libzmq/builds/xcode/CMakeFiles/CMakeTmp/CMAKE_TRY_COMPILE.build/Debug/cmTC_be18a.build/Objects-normal/x86_64/cmTC_be18a_dependency_info.dat -o /Users/steph/Documents/CloudStation/ingescape/code/libzmq/builds/xcode/CMakeFiles/CMakeTmp/Debug/cmTC_be18a
ld: file not found: /Users/steph/Documents/CloudStation/ingescape/code/libzmq/builds/xcode/CMakeFiles/CMakeTmp/CMAKE_TRY_COMPILE.build/Debug/cmTC_be18a.build/Objects-normal/x86_64/CheckSymbolExists.o
clang: error: linker command failed with exit code 1 (use -v to see invocation)

ProcessProductPackaging "" CMAKE_TRY_COMPILE.build/Debug/cmTC_be18a.build/cmTC_be18a.xcent
    cd /Users/steph/Documents/CloudStation/ingescape/code/libzmq/builds/xcode/CMakeFiles/CMakeTmp
    

Entitlements:

{
    "com.apple.security.get-task-allow" = 1;
}


    builtin-productPackagingUtility -entitlements -format xml -o /Users/steph/Documents/CloudStation/ingescape/code/libzmq/builds/xcode/CMakeFiles/CMakeTmp/CMAKE_TRY_COMPILE.build/Debug/cmTC_be18a.build/cmTC_be18a.xcent

CodeSign Debug/cmTC_be18a
    cd /Users/steph/Documents/CloudStation/ingescape/code/libzmq/builds/xcode/CMakeFiles/CMakeTmp
    
Signing Identity:     "-"

    /usr/bin/codesign --force --sign - --entitlements /Users/steph/Documents/CloudStation/ingescape/code/libzmq/builds/xcode/CMakeFiles/CMakeTmp/CMAKE_TRY_COMPILE.build/Debug/cmTC_be18a.build/cmTC_be18a.xcent --timestamp=none /Users/steph/Documents/CloudStation/ingescape/code/libzmq/builds/xcode/CMakeFiles/CMakeTmp/Debug/cmTC_be18a
/Users/steph/Documents/CloudStation/ingescape/code/libzmq/builds/xcode/CMakeFiles/CMakeTmp/Debug/cmTC_be18a: No such file or directory
Command /usr/bin/codesign failed with exit code 1

** BUILD FAILED **


The following build commands failed:
	CompileC CMAKE_TRY_COMPILE.build/Debug/cmTC_be18a.build/Objects-normal/x86_64/CheckSymbolExists.o CheckSymbolExists.cxx normal x86_64 c++ com.apple.compilers.llvm.clang.1_0.compiler
	Ld Debug/cmTC_be18a normal x86_64
	CodeSign Debug/cmTC_be18a
(3 failures)


File /Users/steph/Documents/CloudStation/ingescape/code/libzmq/builds/xcode/CMakeFiles/CMakeTmp/CheckSymbolExists.cxx:
/* */
#include <sys/time.h>

int main(int argc, char** argv)
{
  (void)argv;
#ifndef gethrtimei
  return ((int*)(&gethrtimei))[argc];
#else
  (void)argc;
  return 0;
#endif
}

Determining if the mkdtemp exist failed with the following output:
Change Dir: /Users/steph/Documents/CloudStation/ingescape/code/libzmq/builds/xcode/CMakeFiles/CMakeTmp

Run Build Command(s):/usr/bin/xcodebuild -project CMAKE_TRY_COMPILE.xcodeproj build -target cmTC_97114 -configuration Debug -hideShellScriptEnvironment && User defaults from command line:
    HideShellScriptEnvironment = YES

Prepare build
note: Using legacy build system
=== BUILD TARGET cmTC_97114 OF PROJECT CMAKE_TRY_COMPILE WITH CONFIGURATION Debug ===

Check dependencies

Write auxiliary files
/bin/mkdir -p /Users/steph/Documents/CloudStation/ingescape/code/libzmq/builds/xcode/CMakeFiles/CMakeTmp/CMAKE_TRY_COMPILE.build/Debug/cmTC_97114.build/Objects-normal/x86_64
write-file /Users/steph/Documents/CloudStation/ingescape/code/libzmq/builds/xcode/CMakeFiles/CMakeTmp/CMAKE_TRY_COMPILE.build/Debug/cmTC_97114.build/Objects-normal/x86_64/cmTC_97114.LinkFileList

CompileC CMAKE_TRY_COMPILE.build/Debug/cmTC_97114.build/Objects-normal/x86_64/CheckSymbolExists.o CheckSymbolExists.cxx normal x86_64 c++ com.apple.compilers.llvm.clang.1_0.compiler
    cd /Users/steph/Documents/CloudStation/ingescape/code/libzmq/builds/xcode/CMakeFiles/CMakeTmp
    /Applications/Xcode.app/Contents/Developer/Toolchains/XcodeDefault.xctoolchain/usr/bin/clang -x c++ -target x86_64-apple-macos10.14 -fmessage-length=0 -fdiagnostics-show-note-include-stack -fmacro-backtrace-limit=0 -Wno-trigraphs -fpascal-strings -O0 -Wno-missing-field-initializers -Wno-missing-prototypes -Wno-return-type -Wno-non-virtual-dtor -Wno-overloaded-virtual -Wno-exit-time-destructors -Wno-missing-braces -Wparentheses -Wswitch -Wno-unused-function -Wno-unused-label -Wno-unused-parameter -Wno-unused-variable -Wunused-value -Wno-empty-body -Wno-uninitialized -Wno-unknown-pragmas -Wno-shadow -Wno-four-char-constants -Wno-conversion -Wno-constant-conversion -Wno-int-conversion -Wno-bool-conversion -Wno-enum-conversion -Wno-float-conversion -Wno-non-literal-null-conversion -Wno-objc-literal-conversion -Wno-shorten-64-to-32 -Wno-newline-eof -Wno-c++11-extensions -DCMAKE_INTDIR=\"Debug\" -isysroot /Applications/Xcode.app/Contents/Developer/Platforms/MacOSX.platform/Developer/SDKs/MacOSX10.15.sdk -fasm-blocks -fstrict-aliasing -Wdeprecated-declarations -Winvalid-offsetof -g -Wno-sign-conversion -Wno-infinite-recursion -Wno-move -Wno-comma -Wno-block-capture-autoreleasing -Wno-strict-prototypes -Wno-range-loop-analysis -Wno-semicolon-before-method-body -I/Users/steph/Documents/CloudStation/ingescape/code/libzmq/builds/xcode/CMakeFiles/CMakeTmp/Debug/include -I/Users/steph/Documents/CloudStation/ingescape/code/libzmq/builds/xcode/CMakeFiles/CMakeTmp/CMAKE_TRY_COMPILE.build/Debug/cmTC_97114.build/DerivedSources-normal/x86_64 -I/Users/steph/Documents/CloudStation/ingescape/code/libzmq/builds/xcode/CMakeFiles/CMakeTmp/CMAKE_TRY_COMPILE.build/Debug/cmTC_97114.build/DerivedSources/x86_64 -I/Users/steph/Documents/CloudStation/ingescape/code/libzmq/builds/xcode/CMakeFiles/CMakeTmp/CMAKE_TRY_COMPILE.build/Debug/cmTC_97114.build/DerivedSources -Wmost -Wno-four-char-constants -Wno-unknown-pragmas -F/Users/steph/Documents/CloudStation/ingescape/code/libzmq/builds/xcode/CMakeFiles/CMakeTmp/Debug -std=gnu++11 -Wno-tautological-constant-compare -MMD -MT dependencies -MF /Users/steph/Documents/CloudStation/ingescape/code/libzmq/builds/xcode/CMakeFiles/CMakeTmp/CMAKE_TRY_COMPILE.build/Debug/cmTC_97114.build/Objects-normal/x86_64/CheckSymbolExists.d --serialize-diagnostics /Users/steph/Documents/CloudStation/ingescape/code/libzmq/builds/xcode/CMakeFiles/CMakeTmp/CMAKE_TRY_COMPILE.build/Debug/cmTC_97114.build/Objects-normal/x86_64/CheckSymbolExists.dia -c /Users/steph/Documents/CloudStation/ingescape/code/libzmq/builds/xcode/CMakeFiles/CMakeTmp/CheckSymbolExists.cxx -o /Users/steph/Documents/CloudStation/ingescape/code/libzmq/builds/xcode/CMakeFiles/CMakeTmp/CMAKE_TRY_COMPILE.build/Debug/cmTC_97114.build/Objects-normal/x86_64/CheckSymbolExists.o
/Users/steph/Documents/CloudStation/ingescape/code/libzmq/builds/xcode/CMakeFiles/CMakeTmp/CheckSymbolExists.cxx:8:19: error: use of undeclared identifier 'mkdtemp'
  return ((int*)(&mkdtemp))[argc];
                  ^
1 error generated.

Ld Debug/cmTC_97114 normal x86_64
    cd /Users/steph/Documents/CloudStation/ingescape/code/libzmq/builds/xcode/CMakeFiles/CMakeTmp
    /Applications/Xcode.app/Contents/Developer/Toolchains/XcodeDefault.xctoolchain/usr/bin/clang++ -target x86_64-apple-macos10.14 -isysroot /Applications/Xcode.app/Contents/Developer/Platforms/MacOSX.platform/Developer/SDKs/MacOSX10.15.sdk -L/Users/steph/Documents/CloudStation/ingescape/code/libzmq/builds/xcode/CMakeFiles/CMakeTmp/Debug -F/Users/steph/Documents/CloudStation/ingescape/code/libzmq/builds/xcode/CMakeFiles/CMakeTmp/Debug -filelist /Users/steph/Documents/CloudStation/ingescape/code/libzmq/builds/xcode/CMakeFiles/CMakeTmp/CMAKE_TRY_COMPILE.build/Debug/cmTC_97114.build/Objects-normal/x86_64/cmTC_97114.LinkFileList -Xlinker -object_path_lto -Xlinker /Users/steph/Documents/CloudStation/ingescape/code/libzmq/builds/xcode/CMakeFiles/CMakeTmp/CMAKE_TRY_COMPILE.build/Debug/cmTC_97114.build/Objects-normal/x86_64/cmTC_97114_lto.o -Xlinker -no_deduplicate -Wl,-search_paths_first -Wl,-headerpad_max_install_names -Xlinker -dependency_info -Xlinker /Users/steph/Documents/CloudStation/ingescape/code/libzmq/builds/xcode/CMakeFiles/CMakeTmp/CMAKE_TRY_COMPILE.build/Debug/cmTC_97114.build/Objects-normal/x86_64/cmTC_97114_dependency_info.dat -o /Users/steph/Documents/CloudStation/ingescape/code/libzmq/builds/xcode/CMakeFiles/CMakeTmp/Debug/cmTC_97114
ld: file not found: /Users/steph/Documents/CloudStation/ingescape/code/libzmq/builds/xcode/CMakeFiles/CMakeTmp/CMAKE_TRY_COMPILE.build/Debug/cmTC_97114.build/Objects-normal/x86_64/CheckSymbolExists.o
clang: error: linker command failed with exit code 1 (use -v to see invocation)

ProcessProductPackaging "" CMAKE_TRY_COMPILE.build/Debug/cmTC_97114.build/cmTC_97114.xcent
    cd /Users/steph/Documents/CloudStation/ingescape/code/libzmq/builds/xcode/CMakeFiles/CMakeTmp
    

Entitlements:

{
    "com.apple.security.get-task-allow" = 1;
}


    builtin-productPackagingUtility -entitlements -format xml -o /Users/steph/Documents/CloudStation/ingescape/code/libzmq/builds/xcode/CMakeFiles/CMakeTmp/CMAKE_TRY_COMPILE.build/Debug/cmTC_97114.build/cmTC_97114.xcent

CodeSign Debug/cmTC_97114
    cd /Users/steph/Documents/CloudStation/ingescape/code/libzmq/builds/xcode/CMakeFiles/CMakeTmp
    
Signing Identity:     "-"

    /usr/bin/codesign --force --sign - --entitlements /Users/steph/Documents/CloudStation/ingescape/code/libzmq/builds/xcode/CMakeFiles/CMakeTmp/CMAKE_TRY_COMPILE.build/Debug/cmTC_97114.build/cmTC_97114.xcent --timestamp=none /Users/steph/Documents/CloudStation/ingescape/code/libzmq/builds/xcode/CMakeFiles/CMakeTmp/Debug/cmTC_97114
/Users/steph/Documents/CloudStation/ingescape/code/libzmq/builds/xcode/CMakeFiles/CMakeTmp/Debug/cmTC_97114: No such file or directory
Command /usr/bin/codesign failed with exit code 1

** BUILD FAILED **


The following build commands failed:
	CompileC CMAKE_TRY_COMPILE.build/Debug/cmTC_97114.build/Objects-normal/x86_64/CheckSymbolExists.o CheckSymbolExists.cxx normal x86_64 c++ com.apple.compilers.llvm.clang.1_0.compiler
	Ld Debug/cmTC_97114 normal x86_64
	CodeSign Debug/cmTC_97114
(3 failures)


File /Users/steph/Documents/CloudStation/ingescape/code/libzmq/builds/xcode/CMakeFiles/CMakeTmp/CheckSymbolExists.cxx:
/* */
#include <stdlib.h>

int main(int argc, char** argv)
{
  (void)argv;
#ifndef mkdtemp
  return ((int*)(&mkdtemp))[argc];
#else
  (void)argc;
  return 0;
#endif
}

Determining if the accept4 exist failed with the following output:
Change Dir: /Users/steph/Documents/CloudStation/ingescape/code/libzmq/builds/xcode/CMakeFiles/CMakeTmp

Run Build Command(s):/usr/bin/xcodebuild -project CMAKE_TRY_COMPILE.xcodeproj build -target cmTC_8d378 -configuration Debug -hideShellScriptEnvironment && User defaults from command line:
    HideShellScriptEnvironment = YES

Prepare build
note: Using legacy build system
=== BUILD TARGET cmTC_8d378 OF PROJECT CMAKE_TRY_COMPILE WITH CONFIGURATION Debug ===

Check dependencies

Write auxiliary files
/bin/mkdir -p /Users/steph/Documents/CloudStation/ingescape/code/libzmq/builds/xcode/CMakeFiles/CMakeTmp/CMAKE_TRY_COMPILE.build/Debug/cmTC_8d378.build/Objects-normal/x86_64
write-file /Users/steph/Documents/CloudStation/ingescape/code/libzmq/builds/xcode/CMakeFiles/CMakeTmp/CMAKE_TRY_COMPILE.build/Debug/cmTC_8d378.build/Objects-normal/x86_64/cmTC_8d378.LinkFileList

CompileC CMAKE_TRY_COMPILE.build/Debug/cmTC_8d378.build/Objects-normal/x86_64/CheckSymbolExists.o CheckSymbolExists.cxx normal x86_64 c++ com.apple.compilers.llvm.clang.1_0.compiler
    cd /Users/steph/Documents/CloudStation/ingescape/code/libzmq/builds/xcode/CMakeFiles/CMakeTmp
    /Applications/Xcode.app/Contents/Developer/Toolchains/XcodeDefault.xctoolchain/usr/bin/clang -x c++ -target x86_64-apple-macos10.14 -fmessage-length=0 -fdiagnostics-show-note-include-stack -fmacro-backtrace-limit=0 -Wno-trigraphs -fpascal-strings -O0 -Wno-missing-field-initializers -Wno-missing-prototypes -Wno-return-type -Wno-non-virtual-dtor -Wno-overloaded-virtual -Wno-exit-time-destructors -Wno-missing-braces -Wparentheses -Wswitch -Wno-unused-function -Wno-unused-label -Wno-unused-parameter -Wno-unused-variable -Wunused-value -Wno-empty-body -Wno-uninitialized -Wno-unknown-pragmas -Wno-shadow -Wno-four-char-constants -Wno-conversion -Wno-constant-conversion -Wno-int-conversion -Wno-bool-conversion -Wno-enum-conversion -Wno-float-conversion -Wno-non-literal-null-conversion -Wno-objc-literal-conversion -Wno-shorten-64-to-32 -Wno-newline-eof -Wno-c++11-extensions -DCMAKE_INTDIR=\"Debug\" -isysroot /Applications/Xcode.app/Contents/Developer/Platforms/MacOSX.platform/Developer/SDKs/MacOSX10.15.sdk -fasm-blocks -fstrict-aliasing -Wdeprecated-declarations -Winvalid-offsetof -g -Wno-sign-conversion -Wno-infinite-recursion -Wno-move -Wno-comma -Wno-block-capture-autoreleasing -Wno-strict-prototypes -Wno-range-loop-analysis -Wno-semicolon-before-method-body -I/Users/steph/Documents/CloudStation/ingescape/code/libzmq/builds/xcode/CMakeFiles/CMakeTmp/Debug/include -I/Users/steph/Documents/CloudStation/ingescape/code/libzmq/builds/xcode/CMakeFiles/CMakeTmp/CMAKE_TRY_COMPILE.build/Debug/cmTC_8d378.build/DerivedSources-normal/x86_64 -I/Users/steph/Documents/CloudStation/ingescape/code/libzmq/builds/xcode/CMakeFiles/CMakeTmp/CMAKE_TRY_COMPILE.build/Debug/cmTC_8d378.build/DerivedSources/x86_64 -I/Users/steph/Documents/CloudStation/ingescape/code/libzmq/builds/xcode/CMakeFiles/CMakeTmp/CMAKE_TRY_COMPILE.build/Debug/cmTC_8d378.build/DerivedSources -Wmost -Wno-four-char-constants -Wno-unknown-pragmas -F/Users/steph/Documents/CloudStation/ingescape/code/libzmq/builds/xcode/CMakeFiles/CMakeTmp/Debug -std=gnu++11 -Wno-tautological-constant-compare -MMD -MT dependencies -MF /Users/steph/Documents/CloudStation/ingescape/code/libzmq/builds/xcode/CMakeFiles/CMakeTmp/CMAKE_TRY_COMPILE.build/Debug/cmTC_8d378.build/Objects-normal/x86_64/CheckSymbolExists.d --serialize-diagnostics /Users/steph/Documents/CloudStation/ingescape/code/libzmq/builds/xcode/CMakeFiles/CMakeTmp/CMAKE_TRY_COMPILE.build/Debug/cmTC_8d378.build/Objects-normal/x86_64/CheckSymbolExists.dia -c /Users/steph/Documents/CloudStation/ingescape/code/libzmq/builds/xcode/CMakeFiles/CMakeTmp/CheckSymbolExists.cxx -o /Users/steph/Documents/CloudStation/ingescape/code/libzmq/builds/xcode/CMakeFiles/CMakeTmp/CMAKE_TRY_COMPILE.build/Debug/cmTC_8d378.build/Objects-normal/x86_64/CheckSymbolExists.o
/Users/steph/Documents/CloudStation/ingescape/code/libzmq/builds/xcode/CMakeFiles/CMakeTmp/CheckSymbolExists.cxx:8:19: error: use of undeclared identifier 'accept4'; did you mean 'accept'?
  return ((int*)(&accept4))[argc];
                  ^~~~~~~
                  accept
In file included from /Users/steph/Documents/CloudStation/ingescape/code/libzmq/builds/xcode/CMakeFiles/CMakeTmp/CheckSymbolExists.cxx:2:
/Applications/Xcode.app/Contents/Developer/Platforms/MacOSX.platform/Developer/SDKs/MacOSX10.15.sdk/usr/include/sys/socket.h:691:9: note: 'accept' declared here
int     accept(int, struct sockaddr * __restrict, socklen_t * __restrict)
        ^
1 error generated.

Ld Debug/cmTC_8d378 normal x86_64
    cd /Users/steph/Documents/CloudStation/ingescape/code/libzmq/builds/xcode/CMakeFiles/CMakeTmp
    /Applications/Xcode.app/Contents/Developer/Toolchains/XcodeDefault.xctoolchain/usr/bin/clang++ -target x86_64-apple-macos10.14 -isysroot /Applications/Xcode.app/Contents/Developer/Platforms/MacOSX.platform/Developer/SDKs/MacOSX10.15.sdk -L/Users/steph/Documents/CloudStation/ingescape/code/libzmq/builds/xcode/CMakeFiles/CMakeTmp/Debug -F/Users/steph/Documents/CloudStation/ingescape/code/libzmq/builds/xcode/CMakeFiles/CMakeTmp/Debug -filelist /Users/steph/Documents/CloudStation/ingescape/code/libzmq/builds/xcode/CMakeFiles/CMakeTmp/CMAKE_TRY_COMPILE.build/Debug/cmTC_8d378.build/Objects-normal/x86_64/cmTC_8d378.LinkFileList -Xlinker -object_path_lto -Xlinker /Users/steph/Documents/CloudStation/ingescape/code/libzmq/builds/xcode/CMakeFiles/CMakeTmp/CMAKE_TRY_COMPILE.build/Debug/cmTC_8d378.build/Objects-normal/x86_64/cmTC_8d378_lto.o -Xlinker -no_deduplicate -Wl,-search_paths_first -Wl,-headerpad_max_install_names -Xlinker -dependency_info -Xlinker /Users/steph/Documents/CloudStation/ingescape/code/libzmq/builds/xcode/CMakeFiles/CMakeTmp/CMAKE_TRY_COMPILE.build/Debug/cmTC_8d378.build/Objects-normal/x86_64/cmTC_8d378_dependency_info.dat -o /Users/steph/Documents/CloudStation/ingescape/code/libzmq/builds/xcode/CMakeFiles/CMakeTmp/Debug/cmTC_8d378
ld: file not found: /Users/steph/Documents/CloudStation/ingescape/code/libzmq/builds/xcode/CMakeFiles/CMakeTmp/CMAKE_TRY_COMPILE.build/Debug/cmTC_8d378.build/Objects-normal/x86_64/CheckSymbolExists.o
clang: error: linker command failed with exit code 1 (use -v to see invocation)

ProcessProductPackaging "" CMAKE_TRY_COMPILE.build/Debug/cmTC_8d378.build/cmTC_8d378.xcent
    cd /Users/steph/Documents/CloudStation/ingescape/code/libzmq/builds/xcode/CMakeFiles/CMakeTmp
    

Entitlements:

{
    "com.apple.security.get-task-allow" = 1;
}


    builtin-productPackagingUtility -entitlements -format xml -o /Users/steph/Documents/CloudStation/ingescape/code/libzmq/builds/xcode/CMakeFiles/CMakeTmp/CMAKE_TRY_COMPILE.build/Debug/cmTC_8d378.build/cmTC_8d378.xcent

CodeSign Debug/cmTC_8d378
    cd /Users/steph/Documents/CloudStation/ingescape/code/libzmq/builds/xcode/CMakeFiles/CMakeTmp
    
Signing Identity:     "-"

    /usr/bin/codesign --force --sign - --entitlements /Users/steph/Documents/CloudStation/ingescape/code/libzmq/builds/xcode/CMakeFiles/CMakeTmp/CMAKE_TRY_COMPILE.build/Debug/cmTC_8d378.build/cmTC_8d378.xcent --timestamp=none /Users/steph/Documents/CloudStation/ingescape/code/libzmq/builds/xcode/CMakeFiles/CMakeTmp/Debug/cmTC_8d378
/Users/steph/Documents/CloudStation/ingescape/code/libzmq/builds/xcode/CMakeFiles/CMakeTmp/Debug/cmTC_8d378: No such file or directory
Command /usr/bin/codesign failed with exit code 1

** BUILD FAILED **


The following build commands failed:
	CompileC CMAKE_TRY_COMPILE.build/Debug/cmTC_8d378.build/Objects-normal/x86_64/CheckSymbolExists.o CheckSymbolExists.cxx normal x86_64 c++ com.apple.compilers.llvm.clang.1_0.compiler
	Ld Debug/cmTC_8d378 normal x86_64
	CodeSign Debug/cmTC_8d378
(3 failures)


File /Users/steph/Documents/CloudStation/ingescape/code/libzmq/builds/xcode/CMakeFiles/CMakeTmp/CheckSymbolExists.cxx:
/* */
#include <sys/socket.h>

int main(int argc, char** argv)
{
  (void)argv;
#ifndef accept4
  return ((int*)(&accept4))[argc];
#else
  (void)argc;
  return 0;
#endif
}

Performing C SOURCE FILE Test ZMQ_HAVE_SOCK_CLOEXEC failed with the following compile output:
Change Dir: /Users/steph/Documents/CloudStation/ingescape/code/libzmq/builds/xcode/CMakeFiles/CMakeTmp

Run Build Command(s):/usr/bin/xcodebuild -project CMAKE_TRY_COMPILE.xcodeproj build -target cmTC_de53e -configuration Debug -hideShellScriptEnvironment && User defaults from command line:
    HideShellScriptEnvironment = YES

Prepare build
note: Using legacy build system
=== BUILD TARGET cmTC_de53e OF PROJECT CMAKE_TRY_COMPILE WITH CONFIGURATION Debug ===

Check dependencies

Write auxiliary files
/bin/mkdir -p /Users/steph/Documents/CloudStation/ingescape/code/libzmq/builds/xcode/CMakeFiles/CMakeTmp/CMAKE_TRY_COMPILE.build/Debug/cmTC_de53e.build/Objects-normal/x86_64
write-file /Users/steph/Documents/CloudStation/ingescape/code/libzmq/builds/xcode/CMakeFiles/CMakeTmp/CMAKE_TRY_COMPILE.build/Debug/cmTC_de53e.build/Objects-normal/x86_64/cmTC_de53e.LinkFileList

CompileC CMAKE_TRY_COMPILE.build/Debug/cmTC_de53e.build/Objects-normal/x86_64/src.o src.c normal x86_64 c com.apple.compilers.llvm.clang.1_0.compiler
    cd /Users/steph/Documents/CloudStation/ingescape/code/libzmq/builds/xcode/CMakeFiles/CMakeTmp
    /Applications/Xcode.app/Contents/Developer/Toolchains/XcodeDefault.xctoolchain/usr/bin/clang -x c -target x86_64-apple-macos10.14 -fmessage-length=0 -fdiagnostics-show-note-include-stack -fmacro-backtrace-limit=0 -Wno-trigraphs -fpascal-strings -O0 -Wno-missing-field-initializers -Wno-missing-prototypes -Wno-return-type -Wno-missing-braces -Wparentheses -Wswitch -Wno-unused-function -Wno-unused-label -Wno-unused-parameter -Wno-unused-variable -Wunused-value -Wno-empty-body -Wno-uninitialized -Wno-unknown-pragmas -Wno-shadow -Wno-four-char-constants -Wno-conversion -Wno-constant-conversion -Wno-int-conversion -Wno-bool-conversion -Wno-enum-conversion -Wno-float-conversion -Wno-non-literal-null-conversion -Wno-objc-literal-conversion -Wno-shorten-64-to-32 -Wpointer-sign -Wno-newline-eof -DCMAKE_INTDIR=\"Debug\" -isysroot /Applications/Xcode.app/Contents/Developer/Platforms/MacOSX.platform/Developer/SDKs/MacOSX10.15.sdk -fasm-blocks -fstrict-aliasing -Wdeprecated-declarations -g -Wno-sign-conversion -Wno-infinite-recursion -Wno-comma -Wno-block-capture-autoreleasing -Wno-strict-prototypes -Wno-semicolon-before-method-body -I/Users/steph/Documents/CloudStation/ingescape/code/libzmq/builds/xcode/CMakeFiles/CMakeTmp/Debug/include -I/Users/steph/Documents/CloudStation/ingescape/code/libzmq/builds/xcode/CMakeFiles/CMakeTmp/CMAKE_TRY_COMPILE.build/Debug/cmTC_de53e.build/DerivedSources-normal/x86_64 -I/Users/steph/Documents/CloudStation/ingescape/code/libzmq/builds/xcode/CMakeFiles/CMakeTmp/CMAKE_TRY_COMPILE.build/Debug/cmTC_de53e.build/DerivedSources/x86_64 -I/Users/steph/Documents/CloudStation/ingescape/code/libzmq/builds/xcode/CMakeFiles/CMakeTmp/CMAKE_TRY_COMPILE.build/Debug/cmTC_de53e.build/DerivedSources -Wmost -Wno-four-char-constants -Wno-unknown-pragmas -F/Users/steph/Documents/CloudStation/ingescape/code/libzmq/builds/xcode/CMakeFiles/CMakeTmp/Debug -std=gnu11 -Wno-tautological-constant-compare -DZMQ_HAVE_SOCK_CLOEXEC -MMD -MT dependencies -MF /Users/steph/Documents/CloudStation/ingescape/code/libzmq/builds/xcode/CMakeFiles/CMakeTmp/CMAKE_TRY_COMPILE.build/Debug/cmTC_de53e.build/Objects-normal/x86_64/src.d --serialize-diagnostics /Users/steph/Documents/CloudStation/ingescape/code/libzmq/builds/xcode/CMakeFiles/CMakeTmp/CMAKE_TRY_COMPILE.build/Debug/cmTC_de53e.build/Objects-normal/x86_64/src.dia -c /Users/steph/Documents/CloudStation/ingescape/code/libzmq/builds/xcode/CMakeFiles/CMakeTmp/src.c -o /Users/steph/Documents/CloudStation/ingescape/code/libzmq/builds/xcode/CMakeFiles/CMakeTmp/CMAKE_TRY_COMPILE.build/Debug/cmTC_de53e.build/Objects-normal/x86_64/src.o
/Users/steph/Documents/CloudStation/ingescape/code/libzmq/builds/xcode/CMakeFiles/CMakeTmp/src.c:7:43: error: use of undeclared identifier 'SOCK_CLOEXEC'
    int s = socket(PF_INET, SOCK_STREAM | SOCK_CLOEXEC, 0);
                                          ^
1 error generated.

Ld Debug/cmTC_de53e normal x86_64
    cd /Users/steph/Documents/CloudStation/ingescape/code/libzmq/builds/xcode/CMakeFiles/CMakeTmp
    /Applications/Xcode.app/Contents/Developer/Toolchains/XcodeDefault.xctoolchain/usr/bin/clang -target x86_64-apple-macos10.14 -isysroot /Applications/Xcode.app/Contents/Developer/Platforms/MacOSX.platform/Developer/SDKs/MacOSX10.15.sdk -L/Users/steph/Documents/CloudStation/ingescape/code/libzmq/builds/xcode/CMakeFiles/CMakeTmp/Debug -F/Users/steph/Documents/CloudStation/ingescape/code/libzmq/builds/xcode/CMakeFiles/CMakeTmp/Debug -filelist /Users/steph/Documents/CloudStation/ingescape/code/libzmq/builds/xcode/CMakeFiles/CMakeTmp/CMAKE_TRY_COMPILE.build/Debug/cmTC_de53e.build/Objects-normal/x86_64/cmTC_de53e.LinkFileList -Xlinker -object_path_lto -Xlinker /Users/steph/Documents/CloudStation/ingescape/code/libzmq/builds/xcode/CMakeFiles/CMakeTmp/CMAKE_TRY_COMPILE.build/Debug/cmTC_de53e.build/Objects-normal/x86_64/cmTC_de53e_lto.o -Xlinker -no_deduplicate -Wl,-search_paths_first -Wl,-headerpad_max_install_names -Xlinker -dependency_info -Xlinker /Users/steph/Documents/CloudStation/ingescape/code/libzmq/builds/xcode/CMakeFiles/CMakeTmp/CMAKE_TRY_COMPILE.build/Debug/cmTC_de53e.build/Objects-normal/x86_64/cmTC_de53e_dependency_info.dat -o /Users/steph/Documents/CloudStation/ingescape/code/libzmq/builds/xcode/CMakeFiles/CMakeTmp/Debug/cmTC_de53e
ld: file not found: /Users/steph/Documents/CloudStation/ingescape/code/libzmq/builds/xcode/CMakeFiles/CMakeTmp/CMAKE_TRY_COMPILE.build/Debug/cmTC_de53e.build/Objects-normal/x86_64/src.o
clang: error: linker command failed with exit code 1 (use -v to see invocation)

ProcessProductPackaging "" CMAKE_TRY_COMPILE.build/Debug/cmTC_de53e.build/cmTC_de53e.xcent
    cd /Users/steph/Documents/CloudStation/ingescape/code/libzmq/builds/xcode/CMakeFiles/CMakeTmp
    

Entitlements:

{
    "com.apple.security.get-task-allow" = 1;
}


    builtin-productPackagingUtility -entitlements -format xml -o /Users/steph/Documents/CloudStation/ingescape/code/libzmq/builds/xcode/CMakeFiles/CMakeTmp/CMAKE_TRY_COMPILE.build/Debug/cmTC_de53e.build/cmTC_de53e.xcent

CodeSign Debug/cmTC_de53e
    cd /Users/steph/Documents/CloudStation/ingescape/code/libzmq/builds/xcode/CMakeFiles/CMakeTmp
    
Signing Identity:     "-"

    /usr/bin/codesign --force --sign - --entitlements /Users/steph/Documents/CloudStation/ingescape/code/libzmq/builds/xcode/CMakeFiles/CMakeTmp/CMAKE_TRY_COMPILE.build/Debug/cmTC_de53e.build/cmTC_de53e.xcent --timestamp=none /Users/steph/Documents/CloudStation/ingescape/code/libzmq/builds/xcode/CMakeFiles/CMakeTmp/Debug/cmTC_de53e
/Users/steph/Documents/CloudStation/ingescape/code/libzmq/builds/xcode/CMakeFiles/CMakeTmp/Debug/cmTC_de53e: No such file or directory
Command /usr/bin/codesign failed with exit code 1

** BUILD FAILED **


The following build commands failed:
	CompileC CMAKE_TRY_COMPILE.build/Debug/cmTC_de53e.build/Objects-normal/x86_64/src.o src.c normal x86_64 c com.apple.compilers.llvm.clang.1_0.compiler
	Ld Debug/cmTC_de53e normal x86_64
	CodeSign Debug/cmTC_de53e
(3 failures)


...and run output:

Return value: 1
Source file was:

#include <sys/types.h>
#include <sys/socket.h>

int main(int argc, char *argv [])
{
    int s = socket(PF_INET, SOCK_STREAM | SOCK_CLOEXEC, 0);
    return(s == -1);
}

Performing C SOURCE FILE Test ZMQ_HAVE_SO_BINDTODEVICE failed with the following compile output:
Change Dir: /Users/steph/Documents/CloudStation/ingescape/code/libzmq/builds/xcode/CMakeFiles/CMakeTmp

Run Build Command(s):/usr/bin/xcodebuild -project CMAKE_TRY_COMPILE.xcodeproj build -target cmTC_820f6 -configuration Debug -hideShellScriptEnvironment && User defaults from command line:
    HideShellScriptEnvironment = YES

Prepare build
note: Using legacy build system
=== BUILD TARGET cmTC_820f6 OF PROJECT CMAKE_TRY_COMPILE WITH CONFIGURATION Debug ===

Check dependencies

Write auxiliary files
/bin/mkdir -p /Users/steph/Documents/CloudStation/ingescape/code/libzmq/builds/xcode/CMakeFiles/CMakeTmp/CMAKE_TRY_COMPILE.build/Debug/cmTC_820f6.build/Objects-normal/x86_64
write-file /Users/steph/Documents/CloudStation/ingescape/code/libzmq/builds/xcode/CMakeFiles/CMakeTmp/CMAKE_TRY_COMPILE.build/Debug/cmTC_820f6.build/Objects-normal/x86_64/cmTC_820f6.LinkFileList

CompileC CMAKE_TRY_COMPILE.build/Debug/cmTC_820f6.build/Objects-normal/x86_64/src.o src.c normal x86_64 c com.apple.compilers.llvm.clang.1_0.compiler
    cd /Users/steph/Documents/CloudStation/ingescape/code/libzmq/builds/xcode/CMakeFiles/CMakeTmp
    /Applications/Xcode.app/Contents/Developer/Toolchains/XcodeDefault.xctoolchain/usr/bin/clang -x c -target x86_64-apple-macos10.14 -fmessage-length=0 -fdiagnostics-show-note-include-stack -fmacro-backtrace-limit=0 -Wno-trigraphs -fpascal-strings -O0 -Wno-missing-field-initializers -Wno-missing-prototypes -Wno-return-type -Wno-missing-braces -Wparentheses -Wswitch -Wno-unused-function -Wno-unused-label -Wno-unused-parameter -Wno-unused-variable -Wunused-value -Wno-empty-body -Wno-uninitialized -Wno-unknown-pragmas -Wno-shadow -Wno-four-char-constants -Wno-conversion -Wno-constant-conversion -Wno-int-conversion -Wno-bool-conversion -Wno-enum-conversion -Wno-float-conversion -Wno-non-literal-null-conversion -Wno-objc-literal-conversion -Wno-shorten-64-to-32 -Wpointer-sign -Wno-newline-eof -DCMAKE_INTDIR=\"Debug\" -isysroot /Applications/Xcode.app/Contents/Developer/Platforms/MacOSX.platform/Developer/SDKs/MacOSX10.15.sdk -fasm-blocks -fstrict-aliasing -Wdeprecated-declarations -g -Wno-sign-conversion -Wno-infinite-recursion -Wno-comma -Wno-block-capture-autoreleasing -Wno-strict-prototypes -Wno-semicolon-before-method-body -I/Users/steph/Documents/CloudStation/ingescape/code/libzmq/builds/xcode/CMakeFiles/CMakeTmp/Debug/include -I/Users/steph/Documents/CloudStation/ingescape/code/libzmq/builds/xcode/CMakeFiles/CMakeTmp/CMAKE_TRY_COMPILE.build/Debug/cmTC_820f6.build/DerivedSources-normal/x86_64 -I/Users/steph/Documents/CloudStation/ingescape/code/libzmq/builds/xcode/CMakeFiles/CMakeTmp/CMAKE_TRY_COMPILE.build/Debug/cmTC_820f6.build/DerivedSources/x86_64 -I/Users/steph/Documents/CloudStation/ingescape/code/libzmq/builds/xcode/CMakeFiles/CMakeTmp/CMAKE_TRY_COMPILE.build/Debug/cmTC_820f6.build/DerivedSources -Wmost -Wno-four-char-constants -Wno-unknown-pragmas -F/Users/steph/Documents/CloudStation/ingescape/code/libzmq/builds/xcode/CMakeFiles/CMakeTmp/Debug -std=gnu11 -Wno-tautological-constant-compare -DZMQ_HAVE_SO_BINDTODEVICE -MMD -MT dependencies -MF /Users/steph/Documents/CloudStation/ingescape/code/libzmq/builds/xcode/CMakeFiles/CMakeTmp/CMAKE_TRY_COMPILE.build/Debug/cmTC_820f6.build/Objects-normal/x86_64/src.d --serialize-diagnostics /Users/steph/Documents/CloudStation/ingescape/code/libzmq/builds/xcode/CMakeFiles/CMakeTmp/CMAKE_TRY_COMPILE.build/Debug/cmTC_820f6.build/Objects-normal/x86_64/src.dia -c /Users/steph/Documents/CloudStation/ingescape/code/libzmq/builds/xcode/CMakeFiles/CMakeTmp/src.c -o /Users/steph/Documents/CloudStation/ingescape/code/libzmq/builds/xcode/CMakeFiles/CMakeTmp/CMAKE_TRY_COMPILE.build/Debug/cmTC_820f6.build/Objects-normal/x86_64/src.o

Ld Debug/cmTC_820f6 normal x86_64
    cd /Users/steph/Documents/CloudStation/ingescape/code/libzmq/builds/xcode/CMakeFiles/CMakeTmp
    /Applications/Xcode.app/Contents/Developer/Toolchains/XcodeDefault.xctoolchain/usr/bin/clang -target x86_64-apple-macos10.14 -isysroot /Applications/Xcode.app/Contents/Developer/Platforms/MacOSX.platform/Developer/SDKs/MacOSX10.15.sdk -L/Users/steph/Documents/CloudStation/ingescape/code/libzmq/builds/xcode/CMakeFiles/CMakeTmp/Debug -F/Users/steph/Documents/CloudStation/ingescape/code/libzmq/builds/xcode/CMakeFiles/CMakeTmp/Debug -filelist /Users/steph/Documents/CloudStation/ingescape/code/libzmq/builds/xcode/CMakeFiles/CMakeTmp/CMAKE_TRY_COMPILE.build/Debug/cmTC_820f6.build/Objects-normal/x86_64/cmTC_820f6.LinkFileList -Xlinker -object_path_lto -Xlinker /Users/steph/Documents/CloudStation/ingescape/code/libzmq/builds/xcode/CMakeFiles/CMakeTmp/CMAKE_TRY_COMPILE.build/Debug/cmTC_820f6.build/Objects-normal/x86_64/cmTC_820f6_lto.o -Xlinker -no_deduplicate -Wl,-search_paths_first -Wl,-headerpad_max_install_names -Xlinker -dependency_info -Xlinker /Users/steph/Documents/CloudStation/ingescape/code/libzmq/builds/xcode/CMakeFiles/CMakeTmp/CMAKE_TRY_COMPILE.build/Debug/cmTC_820f6.build/Objects-normal/x86_64/cmTC_820f6_dependency_info.dat -o /Users/steph/Documents/CloudStation/ingescape/code/libzmq/builds/xcode/CMakeFiles/CMakeTmp/Debug/cmTC_820f6

ProcessProductPackaging "" CMAKE_TRY_COMPILE.build/Debug/cmTC_820f6.build/cmTC_820f6.xcent
    cd /Users/steph/Documents/CloudStation/ingescape/code/libzmq/builds/xcode/CMakeFiles/CMakeTmp
    

Entitlements:

{
    "com.apple.security.get-task-allow" = 1;
}


    builtin-productPackagingUtility -entitlements -format xml -o /Users/steph/Documents/CloudStation/ingescape/code/libzmq/builds/xcode/CMakeFiles/CMakeTmp/CMAKE_TRY_COMPILE.build/Debug/cmTC_820f6.build/cmTC_820f6.xcent

CodeSign Debug/cmTC_820f6
    cd /Users/steph/Documents/CloudStation/ingescape/code/libzmq/builds/xcode/CMakeFiles/CMakeTmp
    
Signing Identity:     "-"

    /usr/bin/codesign --force --sign - --entitlements /Users/steph/Documents/CloudStation/ingescape/code/libzmq/builds/xcode/CMakeFiles/CMakeTmp/CMAKE_TRY_COMPILE.build/Debug/cmTC_820f6.build/cmTC_820f6.xcent --timestamp=none /Users/steph/Documents/CloudStation/ingescape/code/libzmq/builds/xcode/CMakeFiles/CMakeTmp/Debug/cmTC_820f6

** BUILD SUCCEEDED **



...and run output:

Return value: 1
Source file was:

#include <sys/socket.h>

int main(int argc, char *argv [])
{
/* Actually making the setsockopt() call requires CAP_NET_RAW */
#ifndef SO_BINDTODEVICE
    return 1;
#else
    return 0;
#endif
}

Performing C SOURCE FILE Test ZMQ_HAVE_TCP_KEEPIDLE failed with the following compile output:
Change Dir: /Users/steph/Documents/CloudStation/ingescape/code/libzmq/builds/xcode/CMakeFiles/CMakeTmp

Run Build Command(s):/usr/bin/xcodebuild -project CMAKE_TRY_COMPILE.xcodeproj build -target cmTC_7e08b -configuration Debug -hideShellScriptEnvironment && User defaults from command line:
    HideShellScriptEnvironment = YES

Prepare build
note: Using legacy build system
=== BUILD TARGET cmTC_7e08b OF PROJECT CMAKE_TRY_COMPILE WITH CONFIGURATION Debug ===

Check dependencies

Write auxiliary files
/bin/mkdir -p /Users/steph/Documents/CloudStation/ingescape/code/libzmq/builds/xcode/CMakeFiles/CMakeTmp/CMAKE_TRY_COMPILE.build/Debug/cmTC_7e08b.build/Objects-normal/x86_64
write-file /Users/steph/Documents/CloudStation/ingescape/code/libzmq/builds/xcode/CMakeFiles/CMakeTmp/CMAKE_TRY_COMPILE.build/Debug/cmTC_7e08b.build/Objects-normal/x86_64/cmTC_7e08b.LinkFileList

CompileC CMAKE_TRY_COMPILE.build/Debug/cmTC_7e08b.build/Objects-normal/x86_64/src.o src.c normal x86_64 c com.apple.compilers.llvm.clang.1_0.compiler
    cd /Users/steph/Documents/CloudStation/ingescape/code/libzmq/builds/xcode/CMakeFiles/CMakeTmp
    /Applications/Xcode.app/Contents/Developer/Toolchains/XcodeDefault.xctoolchain/usr/bin/clang -x c -target x86_64-apple-macos10.14 -fmessage-length=0 -fdiagnostics-show-note-include-stack -fmacro-backtrace-limit=0 -Wno-trigraphs -fpascal-strings -O0 -Wno-missing-field-initializers -Wno-missing-prototypes -Wno-return-type -Wno-missing-braces -Wparentheses -Wswitch -Wno-unused-function -Wno-unused-label -Wno-unused-parameter -Wno-unused-variable -Wunused-value -Wno-empty-body -Wno-uninitialized -Wno-unknown-pragmas -Wno-shadow -Wno-four-char-constants -Wno-conversion -Wno-constant-conversion -Wno-int-conversion -Wno-bool-conversion -Wno-enum-conversion -Wno-float-conversion -Wno-non-literal-null-conversion -Wno-objc-literal-conversion -Wno-shorten-64-to-32 -Wpointer-sign -Wno-newline-eof -DCMAKE_INTDIR=\"Debug\" -isysroot /Applications/Xcode.app/Contents/Developer/Platforms/MacOSX.platform/Developer/SDKs/MacOSX10.15.sdk -fasm-blocks -fstrict-aliasing -Wdeprecated-declarations -g -Wno-sign-conversion -Wno-infinite-recursion -Wno-comma -Wno-block-capture-autoreleasing -Wno-strict-prototypes -Wno-semicolon-before-method-body -I/Users/steph/Documents/CloudStation/ingescape/code/libzmq/builds/xcode/CMakeFiles/CMakeTmp/Debug/include -I/Users/steph/Documents/CloudStation/ingescape/code/libzmq/builds/xcode/CMakeFiles/CMakeTmp/CMAKE_TRY_COMPILE.build/Debug/cmTC_7e08b.build/DerivedSources-normal/x86_64 -I/Users/steph/Documents/CloudStation/ingescape/code/libzmq/builds/xcode/CMakeFiles/CMakeTmp/CMAKE_TRY_COMPILE.build/Debug/cmTC_7e08b.build/DerivedSources/x86_64 -I/Users/steph/Documents/CloudStation/ingescape/code/libzmq/builds/xcode/CMakeFiles/CMakeTmp/CMAKE_TRY_COMPILE.build/Debug/cmTC_7e08b.build/DerivedSources -Wmost -Wno-four-char-constants -Wno-unknown-pragmas -F/Users/steph/Documents/CloudStation/ingescape/code/libzmq/builds/xcode/CMakeFiles/CMakeTmp/Debug -std=gnu11 -Wno-tautological-constant-compare -DZMQ_HAVE_TCP_KEEPIDLE -MMD -MT dependencies -MF /Users/steph/Documents/CloudStation/ingescape/code/libzmq/builds/xcode/CMakeFiles/CMakeTmp/CMAKE_TRY_COMPILE.build/Debug/cmTC_7e08b.build/Objects-normal/x86_64/src.d --serialize-diagnostics /Users/steph/Documents/CloudStation/ingescape/code/libzmq/builds/xcode/CMakeFiles/CMakeTmp/CMAKE_TRY_COMPILE.build/Debug/cmTC_7e08b.build/Objects-normal/x86_64/src.dia -c /Users/steph/Documents/CloudStation/ingescape/code/libzmq/builds/xcode/CMakeFiles/CMakeTmp/src.c -o /Users/steph/Documents/CloudStation/ingescape/code/libzmq/builds/xcode/CMakeFiles/CMakeTmp/CMAKE_TRY_COMPILE.build/Debug/cmTC_7e08b.build/Objects-normal/x86_64/src.o
/Users/steph/Documents/CloudStation/ingescape/code/libzmq/builds/xcode/CMakeFiles/CMakeTmp/src.c:13:42: error: use of undeclared identifier 'TCP_KEEPIDLE'
       ((rc = setsockopt(s, IPPROTO_TCP, TCP_KEEPIDLE,(char*) &opt, sizeof(int))) == -1)
                                         ^
1 error generated.

Ld Debug/cmTC_7e08b normal x86_64
    cd /Users/steph/Documents/CloudStation/ingescape/code/libzmq/builds/xcode/CMakeFiles/CMakeTmp
    /Applications/Xcode.app/Contents/Developer/Toolchains/XcodeDefault.xctoolchain/usr/bin/clang -target x86_64-apple-macos10.14 -isysroot /Applications/Xcode.app/Contents/Developer/Platforms/MacOSX.platform/Developer/SDKs/MacOSX10.15.sdk -L/Users/steph/Documents/CloudStation/ingescape/code/libzmq/builds/xcode/CMakeFiles/CMakeTmp/Debug -F/Users/steph/Documents/CloudStation/ingescape/code/libzmq/builds/xcode/CMakeFiles/CMakeTmp/Debug -filelist /Users/steph/Documents/CloudStation/ingescape/code/libzmq/builds/xcode/CMakeFiles/CMakeTmp/CMAKE_TRY_COMPILE.build/Debug/cmTC_7e08b.build/Objects-normal/x86_64/cmTC_7e08b.LinkFileList -Xlinker -object_path_lto -Xlinker /Users/steph/Documents/CloudStation/ingescape/code/libzmq/builds/xcode/CMakeFiles/CMakeTmp/CMAKE_TRY_COMPILE.build/Debug/cmTC_7e08b.build/Objects-normal/x86_64/cmTC_7e08b_lto.o -Xlinker -no_deduplicate -Wl,-search_paths_first -Wl,-headerpad_max_install_names -Xlinker -dependency_info -Xlinker /Users/steph/Documents/CloudStation/ingescape/code/libzmq/builds/xcode/CMakeFiles/CMakeTmp/CMAKE_TRY_COMPILE.build/Debug/cmTC_7e08b.build/Objects-normal/x86_64/cmTC_7e08b_dependency_info.dat -o /Users/steph/Documents/CloudStation/ingescape/code/libzmq/builds/xcode/CMakeFiles/CMakeTmp/Debug/cmTC_7e08b
ld: file not found: /Users/steph/Documents/CloudStation/ingescape/code/libzmq/builds/xcode/CMakeFiles/CMakeTmp/CMAKE_TRY_COMPILE.build/Debug/cmTC_7e08b.build/Objects-normal/x86_64/src.o
clang: error: linker command failed with exit code 1 (use -v to see invocation)

ProcessProductPackaging "" CMAKE_TRY_COMPILE.build/Debug/cmTC_7e08b.build/cmTC_7e08b.xcent
    cd /Users/steph/Documents/CloudStation/ingescape/code/libzmq/builds/xcode/CMakeFiles/CMakeTmp
    

Entitlements:

{
    "com.apple.security.get-task-allow" = 1;
}


    builtin-productPackagingUtility -entitlements -format xml -o /Users/steph/Documents/CloudStation/ingescape/code/libzmq/builds/xcode/CMakeFiles/CMakeTmp/CMAKE_TRY_COMPILE.build/Debug/cmTC_7e08b.build/cmTC_7e08b.xcent

CodeSign Debug/cmTC_7e08b
    cd /Users/steph/Documents/CloudStation/ingescape/code/libzmq/builds/xcode/CMakeFiles/CMakeTmp
    
Signing Identity:     "-"

    /usr/bin/codesign --force --sign - --entitlements /Users/steph/Documents/CloudStation/ingescape/code/libzmq/builds/xcode/CMakeFiles/CMakeTmp/CMAKE_TRY_COMPILE.build/Debug/cmTC_7e08b.build/cmTC_7e08b.xcent --timestamp=none /Users/steph/Documents/CloudStation/ingescape/code/libzmq/builds/xcode/CMakeFiles/CMakeTmp/Debug/cmTC_7e08b
/Users/steph/Documents/CloudStation/ingescape/code/libzmq/builds/xcode/CMakeFiles/CMakeTmp/Debug/cmTC_7e08b: No such file or directory
Command /usr/bin/codesign failed with exit code 1

** BUILD FAILED **


The following build commands failed:
	CompileC CMAKE_TRY_COMPILE.build/Debug/cmTC_7e08b.build/Objects-normal/x86_64/src.o src.c normal x86_64 c com.apple.compilers.llvm.clang.1_0.compiler
	Ld Debug/cmTC_7e08b normal x86_64
	CodeSign Debug/cmTC_7e08b
(3 failures)


...and run output:

Return value: 1
Source file was:

#include <sys/types.h>
#include <sys/socket.h>
#include <netinet/in.h>
#include <netinet/tcp.h>

int main(int argc, char *argv [])
{
    int s, rc, opt = 1;
    return(
       ((s = socket(PF_INET, SOCK_STREAM, 0)) == -1) ||
       ((rc = setsockopt(s, SOL_SOCKET, SO_KEEPALIVE,(char*) &opt, sizeof(int))) == -1) ||
       ((rc = setsockopt(s, IPPROTO_TCP, TCP_KEEPIDLE,(char*) &opt, sizeof(int))) == -1)
    );
}

Performing C SOURCE FILE Test ZMQ_HAVE_TIPC failed with the following compile output:
Change Dir: /Users/steph/Documents/CloudStation/ingescape/code/libzmq/builds/xcode/CMakeFiles/CMakeTmp

Run Build Command(s):/usr/bin/xcodebuild -project CMAKE_TRY_COMPILE.xcodeproj build -target cmTC_f4a75 -configuration Debug -hideShellScriptEnvironment && User defaults from command line:
    HideShellScriptEnvironment = YES

Prepare build
note: Using legacy build system
=== BUILD TARGET cmTC_f4a75 OF PROJECT CMAKE_TRY_COMPILE WITH CONFIGURATION Debug ===

Check dependencies

Write auxiliary files
/bin/mkdir -p /Users/steph/Documents/CloudStation/ingescape/code/libzmq/builds/xcode/CMakeFiles/CMakeTmp/CMAKE_TRY_COMPILE.build/Debug/cmTC_f4a75.build/Objects-normal/x86_64
write-file /Users/steph/Documents/CloudStation/ingescape/code/libzmq/builds/xcode/CMakeFiles/CMakeTmp/CMAKE_TRY_COMPILE.build/Debug/cmTC_f4a75.build/Objects-normal/x86_64/cmTC_f4a75.LinkFileList

CompileC CMAKE_TRY_COMPILE.build/Debug/cmTC_f4a75.build/Objects-normal/x86_64/src.o src.c normal x86_64 c com.apple.compilers.llvm.clang.1_0.compiler
    cd /Users/steph/Documents/CloudStation/ingescape/code/libzmq/builds/xcode/CMakeFiles/CMakeTmp
    /Applications/Xcode.app/Contents/Developer/Toolchains/XcodeDefault.xctoolchain/usr/bin/clang -x c -target x86_64-apple-macos10.14 -fmessage-length=0 -fdiagnostics-show-note-include-stack -fmacro-backtrace-limit=0 -Wno-trigraphs -fpascal-strings -O0 -Wno-missing-field-initializers -Wno-missing-prototypes -Wno-return-type -Wno-missing-braces -Wparentheses -Wswitch -Wno-unused-function -Wno-unused-label -Wno-unused-parameter -Wno-unused-variable -Wunused-value -Wno-empty-body -Wno-uninitialized -Wno-unknown-pragmas -Wno-shadow -Wno-four-char-constants -Wno-conversion -Wno-constant-conversion -Wno-int-conversion -Wno-bool-conversion -Wno-enum-conversion -Wno-float-conversion -Wno-non-literal-null-conversion -Wno-objc-literal-conversion -Wno-shorten-64-to-32 -Wpointer-sign -Wno-newline-eof -DCMAKE_INTDIR=\"Debug\" -isysroot /Applications/Xcode.app/Contents/Developer/Platforms/MacOSX.platform/Developer/SDKs/MacOSX10.15.sdk -fasm-blocks -fstrict-aliasing -Wdeprecated-declarations -g -Wno-sign-conversion -Wno-infinite-recursion -Wno-comma -Wno-block-capture-autoreleasing -Wno-strict-prototypes -Wno-semicolon-before-method-body -I/Users/steph/Documents/CloudStation/ingescape/code/libzmq/builds/xcode/CMakeFiles/CMakeTmp/Debug/include -I/Users/steph/Documents/CloudStation/ingescape/code/libzmq/builds/xcode/CMakeFiles/CMakeTmp/CMAKE_TRY_COMPILE.build/Debug/cmTC_f4a75.build/DerivedSources-normal/x86_64 -I/Users/steph/Documents/CloudStation/ingescape/code/libzmq/builds/xcode/CMakeFiles/CMakeTmp/CMAKE_TRY_COMPILE.build/Debug/cmTC_f4a75.build/DerivedSources/x86_64 -I/Users/steph/Documents/CloudStation/ingescape/code/libzmq/builds/xcode/CMakeFiles/CMakeTmp/CMAKE_TRY_COMPILE.build/Debug/cmTC_f4a75.build/DerivedSources -Wmost -Wno-four-char-constants -Wno-unknown-pragmas -F/Users/steph/Documents/CloudStation/ingescape/code/libzmq/builds/xcode/CMakeFiles/CMakeTmp/Debug -std=gnu11 -Wno-tautological-constant-compare -DZMQ_HAVE_TIPC -MMD -MT dependencies -MF /Users/steph/Documents/CloudStation/ingescape/code/libzmq/builds/xcode/CMakeFiles/CMakeTmp/CMAKE_TRY_COMPILE.build/Debug/cmTC_f4a75.build/Objects-normal/x86_64/src.d --serialize-diagnostics /Users/steph/Documents/CloudStation/ingescape/code/libzmq/builds/xcode/CMakeFiles/CMakeTmp/CMAKE_TRY_COMPILE.build/Debug/cmTC_f4a75.build/Objects-normal/x86_64/src.dia -c /Users/steph/Documents/CloudStation/ingescape/code/libzmq/builds/xcode/CMakeFiles/CMakeTmp/src.c -o /Users/steph/Documents/CloudStation/ingescape/code/libzmq/builds/xcode/CMakeFiles/CMakeTmp/CMAKE_TRY_COMPILE.build/Debug/cmTC_f4a75.build/Objects-normal/x86_64/src.o
/Users/steph/Documents/CloudStation/ingescape/code/libzmq/builds/xcode/CMakeFiles/CMakeTmp/src.c:7:10: fatal error: 'linux/tipc.h' file not found
#include <linux/tipc.h>
         ^~~~~~~~~~~~~~
1 error generated.

Ld Debug/cmTC_f4a75 normal x86_64
    cd /Users/steph/Documents/CloudStation/ingescape/code/libzmq/builds/xcode/CMakeFiles/CMakeTmp
    /Applications/Xcode.app/Contents/Developer/Toolchains/XcodeDefault.xctoolchain/usr/bin/clang -target x86_64-apple-macos10.14 -isysroot /Applications/Xcode.app/Contents/Developer/Platforms/MacOSX.platform/Developer/SDKs/MacOSX10.15.sdk -L/Users/steph/Documents/CloudStation/ingescape/code/libzmq/builds/xcode/CMakeFiles/CMakeTmp/Debug -F/Users/steph/Documents/CloudStation/ingescape/code/libzmq/builds/xcode/CMakeFiles/CMakeTmp/Debug -filelist /Users/steph/Documents/CloudStation/ingescape/code/libzmq/builds/xcode/CMakeFiles/CMakeTmp/CMAKE_TRY_COMPILE.build/Debug/cmTC_f4a75.build/Objects-normal/x86_64/cmTC_f4a75.LinkFileList -Xlinker -object_path_lto -Xlinker /Users/steph/Documents/CloudStation/ingescape/code/libzmq/builds/xcode/CMakeFiles/CMakeTmp/CMAKE_TRY_COMPILE.build/Debug/cmTC_f4a75.build/Objects-normal/x86_64/cmTC_f4a75_lto.o -Xlinker -no_deduplicate -Wl,-search_paths_first -Wl,-headerpad_max_install_names -Xlinker -dependency_info -Xlinker /Users/steph/Documents/CloudStation/ingescape/code/libzmq/builds/xcode/CMakeFiles/CMakeTmp/CMAKE_TRY_COMPILE.build/Debug/cmTC_f4a75.build/Objects-normal/x86_64/cmTC_f4a75_dependency_info.dat -o /Users/steph/Documents/CloudStation/ingescape/code/libzmq/builds/xcode/CMakeFiles/CMakeTmp/Debug/cmTC_f4a75
ld: file not found: /Users/steph/Documents/CloudStation/ingescape/code/libzmq/builds/xcode/CMakeFiles/CMakeTmp/CMAKE_TRY_COMPILE.build/Debug/cmTC_f4a75.build/Objects-normal/x86_64/src.o
clang: error: linker command failed with exit code 1 (use -v to see invocation)

ProcessProductPackaging "" CMAKE_TRY_COMPILE.build/Debug/cmTC_f4a75.build/cmTC_f4a75.xcent
    cd /Users/steph/Documents/CloudStation/ingescape/code/libzmq/builds/xcode/CMakeFiles/CMakeTmp
    

Entitlements:

{
    "com.apple.security.get-task-allow" = 1;
}


    builtin-productPackagingUtility -entitlements -format xml -o /Users/steph/Documents/CloudStation/ingescape/code/libzmq/builds/xcode/CMakeFiles/CMakeTmp/CMAKE_TRY_COMPILE.build/Debug/cmTC_f4a75.build/cmTC_f4a75.xcent

CodeSign Debug/cmTC_f4a75
    cd /Users/steph/Documents/CloudStation/ingescape/code/libzmq/builds/xcode/CMakeFiles/CMakeTmp
    
Signing Identity:     "-"

    /usr/bin/codesign --force --sign - --entitlements /Users/steph/Documents/CloudStation/ingescape/code/libzmq/builds/xcode/CMakeFiles/CMakeTmp/CMAKE_TRY_COMPILE.build/Debug/cmTC_f4a75.build/cmTC_f4a75.xcent --timestamp=none /Users/steph/Documents/CloudStation/ingescape/code/libzmq/builds/xcode/CMakeFiles/CMakeTmp/Debug/cmTC_f4a75
/Users/steph/Documents/CloudStation/ingescape/code/libzmq/builds/xcode/CMakeFiles/CMakeTmp/Debug/cmTC_f4a75: No such file or directory
Command /usr/bin/codesign failed with exit code 1

** BUILD FAILED **


The following build commands failed:
	CompileC CMAKE_TRY_COMPILE.build/Debug/cmTC_f4a75.build/Objects-normal/x86_64/src.o src.c normal x86_64 c com.apple.compilers.llvm.clang.1_0.compiler
	Ld Debug/cmTC_f4a75 normal x86_64
	CodeSign Debug/cmTC_f4a75
(3 failures)


...and run output:

Return value: 1
Source file was:

#include <stdlib.h>
#include <string.h>
#include <fcntl.h>
#include <errno.h>
#include <sys/socket.h>
#include <linux/tipc.h>

int main(int argc, char *argv [])
{
    struct sockaddr_tipc topsrv;
    int sd = socket(AF_TIPC, SOCK_SEQPACKET, 0);
    memset(&topsrv, 0, sizeof(topsrv));
    topsrv.family = AF_TIPC;
    topsrv.addrtype = TIPC_ADDR_NAME;
    topsrv.addr.name.name.type = TIPC_TOP_SRV;
    topsrv.addr.name.name.instance = TIPC_TOP_SRV;
    fcntl(sd, F_SETFL, O_NONBLOCK);
}

Performing C SOURCE FILE Test ZMQ_HAVE_PTHREAD_SETNAME_2 failed with the following compile output:
Change Dir: /Users/steph/Documents/CloudStation/ingescape/code/libzmq/builds/xcode/CMakeFiles/CMakeTmp

Run Build Command(s):/usr/bin/xcodebuild -project CMAKE_TRY_COMPILE.xcodeproj build -target cmTC_f436e -configuration Debug -hideShellScriptEnvironment && User defaults from command line:
    HideShellScriptEnvironment = YES

Prepare build
note: Using legacy build system
=== BUILD TARGET cmTC_f436e OF PROJECT CMAKE_TRY_COMPILE WITH CONFIGURATION Debug ===

Check dependencies

Write auxiliary files
/bin/mkdir -p /Users/steph/Documents/CloudStation/ingescape/code/libzmq/builds/xcode/CMakeFiles/CMakeTmp/CMAKE_TRY_COMPILE.build/Debug/cmTC_f436e.build/Objects-normal/x86_64
write-file /Users/steph/Documents/CloudStation/ingescape/code/libzmq/builds/xcode/CMakeFiles/CMakeTmp/CMAKE_TRY_COMPILE.build/Debug/cmTC_f436e.build/Objects-normal/x86_64/cmTC_f436e.LinkFileList

CompileC CMAKE_TRY_COMPILE.build/Debug/cmTC_f436e.build/Objects-normal/x86_64/src.o src.c normal x86_64 c com.apple.compilers.llvm.clang.1_0.compiler
    cd /Users/steph/Documents/CloudStation/ingescape/code/libzmq/builds/xcode/CMakeFiles/CMakeTmp
    /Applications/Xcode.app/Contents/Developer/Toolchains/XcodeDefault.xctoolchain/usr/bin/clang -x c -target x86_64-apple-macos10.14 -fmessage-length=0 -fdiagnostics-show-note-include-stack -fmacro-backtrace-limit=0 -Wno-trigraphs -fpascal-strings -O0 -Wno-missing-field-initializers -Wno-missing-prototypes -Wno-return-type -Wno-missing-braces -Wparentheses -Wswitch -Wno-unused-function -Wno-unused-label -Wno-unused-parameter -Wno-unused-variable -Wunused-value -Wno-empty-body -Wno-uninitialized -Wno-unknown-pragmas -Wno-shadow -Wno-four-char-constants -Wno-conversion -Wno-constant-conversion -Wno-int-conversion -Wno-bool-conversion -Wno-enum-conversion -Wno-float-conversion -Wno-non-literal-null-conversion -Wno-objc-literal-conversion -Wno-shorten-64-to-32 -Wpointer-sign -Wno-newline-eof -DCMAKE_INTDIR=\"Debug\" -isysroot /Applications/Xcode.app/Contents/Developer/Platforms/MacOSX.platform/Developer/SDKs/MacOSX10.15.sdk -fasm-blocks -fstrict-aliasing -Wdeprecated-declarations -g -Wno-sign-conversion -Wno-infinite-recursion -Wno-comma -Wno-block-capture-autoreleasing -Wno-strict-prototypes -Wno-semicolon-before-method-body -I/Users/steph/Documents/CloudStation/ingescape/code/libzmq/builds/xcode/CMakeFiles/CMakeTmp/Debug/include -I/Users/steph/Documents/CloudStation/ingescape/code/libzmq/builds/xcode/CMakeFiles/CMakeTmp/CMAKE_TRY_COMPILE.build/Debug/cmTC_f436e.build/DerivedSources-normal/x86_64 -I/Users/steph/Documents/CloudStation/ingescape/code/libzmq/builds/xcode/CMakeFiles/CMakeTmp/CMAKE_TRY_COMPILE.build/Debug/cmTC_f436e.build/DerivedSources/x86_64 -I/Users/steph/Documents/CloudStation/ingescape/code/libzmq/builds/xcode/CMakeFiles/CMakeTmp/CMAKE_TRY_COMPILE.build/Debug/cmTC_f436e.build/DerivedSources -Wmost -Wno-four-char-constants -Wno-unknown-pragmas -F/Users/steph/Documents/CloudStation/ingescape/code/libzmq/builds/xcode/CMakeFiles/CMakeTmp/Debug -std=gnu11 -Wno-tautological-constant-compare -DZMQ_HAVE_PTHREAD_SETNAME_2 -D_GNU_SOURCE -Werror -pthread -MMD -MT dependencies -MF /Users/steph/Documents/CloudStation/ingescape/code/libzmq/builds/xcode/CMakeFiles/CMakeTmp/CMAKE_TRY_COMPILE.build/Debug/cmTC_f436e.build/Objects-normal/x86_64/src.d --serialize-diagnostics /Users/steph/Documents/CloudStation/ingescape/code/libzmq/builds/xcode/CMakeFiles/CMakeTmp/CMAKE_TRY_COMPILE.build/Debug/cmTC_f436e.build/Objects-normal/x86_64/src.dia -c /Users/steph/Documents/CloudStation/ingescape/code/libzmq/builds/xcode/CMakeFiles/CMakeTmp/src.c -o /Users/steph/Documents/CloudStation/ingescape/code/libzmq/builds/xcode/CMakeFiles/CMakeTmp/CMAKE_TRY_COMPILE.build/Debug/cmTC_f436e.build/Objects-normal/x86_64/src.o
/Users/steph/Documents/CloudStation/ingescape/code/libzmq/builds/xcode/CMakeFiles/CMakeTmp/src.c:6:41: error: too many arguments to function call, expected 1, have 2
    pthread_setname_np (pthread_self(), "foo");
    ~~~~~~~~~~~~~~~~~~                  ^~~~~
In file included from /Users/steph/Documents/CloudStation/ingescape/code/libzmq/builds/xcode/CMakeFiles/CMakeTmp/src.c:2:
/Applications/Xcode.app/Contents/Developer/Platforms/MacOSX.platform/Developer/SDKs/MacOSX10.15.sdk/usr/include/pthread.h:512:1: note: 'pthread_setname_np' declared here
__API_AVAILABLE(macos(10.6), ios(3.2))
^
In file included from /Users/steph/Documents/CloudStation/ingescape/code/libzmq/builds/xcode/CMakeFiles/CMakeTmp/src.c:2:
In file included from /Applications/Xcode.app/Contents/Developer/Platforms/MacOSX.platform/Developer/SDKs/MacOSX10.15.sdk/usr/include/pthread.h:60:
In file included from /Applications/Xcode.app/Contents/Developer/Platforms/MacOSX.platform/Developer/SDKs/MacOSX10.15.sdk/usr/include/time.h:68:
/Applications/Xcode.app/Contents/Developer/Platforms/MacOSX.platform/Developer/SDKs/MacOSX10.15.sdk/usr/include/Availability.h:496:162: note: expanded from macro '__API_AVAILABLE'
    #define __API_AVAILABLE(...) __API_AVAILABLE_GET_MACRO(__VA_ARGS__,__API_AVAILABLE7, __API_AVAILABLE6, __API_AVAILABLE5, __API_AVAILABLE4, __API_AVAILABLE3, __API_AVAILABLE2, __API_AVAILABLE1, 0)(__VA_ARGS__)
                                                                                                                                                                 ^
1 error generated.

Ld Debug/cmTC_f436e normal x86_64
    cd /Users/steph/Documents/CloudStation/ingescape/code/libzmq/builds/xcode/CMakeFiles/CMakeTmp
    /Applications/Xcode.app/Contents/Developer/Toolchains/XcodeDefault.xctoolchain/usr/bin/clang -target x86_64-apple-macos10.14 -isysroot /Applications/Xcode.app/Contents/Developer/Platforms/MacOSX.platform/Developer/SDKs/MacOSX10.15.sdk -L/Users/steph/Documents/CloudStation/ingescape/code/libzmq/builds/xcode/CMakeFiles/CMakeTmp/Debug -F/Users/steph/Documents/CloudStation/ingescape/code/libzmq/builds/xcode/CMakeFiles/CMakeTmp/Debug -filelist /Users/steph/Documents/CloudStation/ingescape/code/libzmq/builds/xcode/CMakeFiles/CMakeTmp/CMAKE_TRY_COMPILE.build/Debug/cmTC_f436e.build/Objects-normal/x86_64/cmTC_f436e.LinkFileList -Xlinker -object_path_lto -Xlinker /Users/steph/Documents/CloudStation/ingescape/code/libzmq/builds/xcode/CMakeFiles/CMakeTmp/CMAKE_TRY_COMPILE.build/Debug/cmTC_f436e.build/Objects-normal/x86_64/cmTC_f436e_lto.o -Xlinker -no_deduplicate -Wl,-search_paths_first -Wl,-headerpad_max_install_names -Xlinker -dependency_info -Xlinker /Users/steph/Documents/CloudStation/ingescape/code/libzmq/builds/xcode/CMakeFiles/CMakeTmp/CMAKE_TRY_COMPILE.build/Debug/cmTC_f436e.build/Objects-normal/x86_64/cmTC_f436e_dependency_info.dat -o /Users/steph/Documents/CloudStation/ingescape/code/libzmq/builds/xcode/CMakeFiles/CMakeTmp/Debug/cmTC_f436e
ld: file not found: /Users/steph/Documents/CloudStation/ingescape/code/libzmq/builds/xcode/CMakeFiles/CMakeTmp/CMAKE_TRY_COMPILE.build/Debug/cmTC_f436e.build/Objects-normal/x86_64/src.o
clang: error: linker command failed with exit code 1 (use -v to see invocation)

ProcessProductPackaging "" CMAKE_TRY_COMPILE.build/Debug/cmTC_f436e.build/cmTC_f436e.xcent
    cd /Users/steph/Documents/CloudStation/ingescape/code/libzmq/builds/xcode/CMakeFiles/CMakeTmp
    

Entitlements:

{
    "com.apple.security.get-task-allow" = 1;
}


    builtin-productPackagingUtility -entitlements -format xml -o /Users/steph/Documents/CloudStation/ingescape/code/libzmq/builds/xcode/CMakeFiles/CMakeTmp/CMAKE_TRY_COMPILE.build/Debug/cmTC_f436e.build/cmTC_f436e.xcent

CodeSign Debug/cmTC_f436e
    cd /Users/steph/Documents/CloudStation/ingescape/code/libzmq/builds/xcode/CMakeFiles/CMakeTmp
    
Signing Identity:     "-"

    /usr/bin/codesign --force --sign - --entitlements /Users/steph/Documents/CloudStation/ingescape/code/libzmq/builds/xcode/CMakeFiles/CMakeTmp/CMAKE_TRY_COMPILE.build/Debug/cmTC_f436e.build/cmTC_f436e.xcent --timestamp=none /Users/steph/Documents/CloudStation/ingescape/code/libzmq/builds/xcode/CMakeFiles/CMakeTmp/Debug/cmTC_f436e
/Users/steph/Documents/CloudStation/ingescape/code/libzmq/builds/xcode/CMakeFiles/CMakeTmp/Debug/cmTC_f436e: No such file or directory
Command /usr/bin/codesign failed with exit code 1

** BUILD FAILED **


The following build commands failed:
	CompileC CMAKE_TRY_COMPILE.build/Debug/cmTC_f436e.build/Objects-normal/x86_64/src.o src.c normal x86_64 c com.apple.compilers.llvm.clang.1_0.compiler
	Ld Debug/cmTC_f436e normal x86_64
	CodeSign Debug/cmTC_f436e
(3 failures)


...and run output:

Return value: 1
Source file was:

#include <pthread.h>

int main(int argc, char *argv [])
{
    pthread_setname_np (pthread_self(), "foo");
    return 0;
}

Performing C SOURCE FILE Test ZMQ_HAVE_PTHREAD_SETNAME_3 failed with the following compile output:
Change Dir: /Users/steph/Documents/CloudStation/ingescape/code/libzmq/builds/xcode/CMakeFiles/CMakeTmp

Run Build Command(s):/usr/bin/xcodebuild -project CMAKE_TRY_COMPILE.xcodeproj build -target cmTC_cd952 -configuration Debug -hideShellScriptEnvironment && User defaults from command line:
    HideShellScriptEnvironment = YES

Prepare build
note: Using legacy build system
=== BUILD TARGET cmTC_cd952 OF PROJECT CMAKE_TRY_COMPILE WITH CONFIGURATION Debug ===

Check dependencies

Write auxiliary files
/bin/mkdir -p /Users/steph/Documents/CloudStation/ingescape/code/libzmq/builds/xcode/CMakeFiles/CMakeTmp/CMAKE_TRY_COMPILE.build/Debug/cmTC_cd952.build/Objects-normal/x86_64
write-file /Users/steph/Documents/CloudStation/ingescape/code/libzmq/builds/xcode/CMakeFiles/CMakeTmp/CMAKE_TRY_COMPILE.build/Debug/cmTC_cd952.build/Objects-normal/x86_64/cmTC_cd952.LinkFileList

CompileC CMAKE_TRY_COMPILE.build/Debug/cmTC_cd952.build/Objects-normal/x86_64/src.o src.c normal x86_64 c com.apple.compilers.llvm.clang.1_0.compiler
    cd /Users/steph/Documents/CloudStation/ingescape/code/libzmq/builds/xcode/CMakeFiles/CMakeTmp
    /Applications/Xcode.app/Contents/Developer/Toolchains/XcodeDefault.xctoolchain/usr/bin/clang -x c -target x86_64-apple-macos10.14 -fmessage-length=0 -fdiagnostics-show-note-include-stack -fmacro-backtrace-limit=0 -Wno-trigraphs -fpascal-strings -O0 -Wno-missing-field-initializers -Wno-missing-prototypes -Wno-return-type -Wno-missing-braces -Wparentheses -Wswitch -Wno-unused-function -Wno-unused-label -Wno-unused-parameter -Wno-unused-variable -Wunused-value -Wno-empty-body -Wno-uninitialized -Wno-unknown-pragmas -Wno-shadow -Wno-four-char-constants -Wno-conversion -Wno-constant-conversion -Wno-int-conversion -Wno-bool-conversion -Wno-enum-conversion -Wno-float-conversion -Wno-non-literal-null-conversion -Wno-objc-literal-conversion -Wno-shorten-64-to-32 -Wpointer-sign -Wno-newline-eof -DCMAKE_INTDIR=\"Debug\" -isysroot /Applications/Xcode.app/Contents/Developer/Platforms/MacOSX.platform/Developer/SDKs/MacOSX10.15.sdk -fasm-blocks -fstrict-aliasing -Wdeprecated-declarations -g -Wno-sign-conversion -Wno-infinite-recursion -Wno-comma -Wno-block-capture-autoreleasing -Wno-strict-prototypes -Wno-semicolon-before-method-body -I/Users/steph/Documents/CloudStation/ingescape/code/libzmq/builds/xcode/CMakeFiles/CMakeTmp/Debug/include -I/Users/steph/Documents/CloudStation/ingescape/code/libzmq/builds/xcode/CMakeFiles/CMakeTmp/CMAKE_TRY_COMPILE.build/Debug/cmTC_cd952.build/DerivedSources-normal/x86_64 -I/Users/steph/Documents/CloudStation/ingescape/code/libzmq/builds/xcode/CMakeFiles/CMakeTmp/CMAKE_TRY_COMPILE.build/Debug/cmTC_cd952.build/DerivedSources/x86_64 -I/Users/steph/Documents/CloudStation/ingescape/code/libzmq/builds/xcode/CMakeFiles/CMakeTmp/CMAKE_TRY_COMPILE.build/Debug/cmTC_cd952.build/DerivedSources -Wmost -Wno-four-char-constants -Wno-unknown-pragmas -F/Users/steph/Documents/CloudStation/ingescape/code/libzmq/builds/xcode/CMakeFiles/CMakeTmp/Debug -std=gnu11 -Wno-tautological-constant-compare -DZMQ_HAVE_PTHREAD_SETNAME_3 -D_GNU_SOURCE -Werror -pthread -MMD -MT dependencies -MF /Users/steph/Documents/CloudStation/ingescape/code/libzmq/builds/xcode/CMakeFiles/CMakeTmp/CMAKE_TRY_COMPILE.build/Debug/cmTC_cd952.build/Objects-normal/x86_64/src.d --serialize-diagnostics /Users/steph/Documents/CloudStation/ingescape/code/libzmq/builds/xcode/CMakeFiles/CMakeTmp/CMAKE_TRY_COMPILE.build/Debug/cmTC_cd952.build/Objects-normal/x86_64/src.dia -c /Users/steph/Documents/CloudStation/ingescape/code/libzmq/builds/xcode/CMakeFiles/CMakeTmp/src.c -o /Users/steph/Documents/CloudStation/ingescape/code/libzmq/builds/xcode/CMakeFiles/CMakeTmp/CMAKE_TRY_COMPILE.build/Debug/cmTC_cd952.build/Objects-normal/x86_64/src.o
/Users/steph/Documents/CloudStation/ingescape/code/libzmq/builds/xcode/CMakeFiles/CMakeTmp/src.c:6:41: error: too many arguments to function call, expected 1, have 3
    pthread_setname_np (pthread_self(), "foo", (void *)0);
    ~~~~~~~~~~~~~~~~~~                  ^~~~~~~~~~~~~~~~
In file included from /Users/steph/Documents/CloudStation/ingescape/code/libzmq/builds/xcode/CMakeFiles/CMakeTmp/src.c:2:
/Applications/Xcode.app/Contents/Developer/Platforms/MacOSX.platform/Developer/SDKs/MacOSX10.15.sdk/usr/include/pthread.h:512:1: note: 'pthread_setname_np' declared here
__API_AVAILABLE(macos(10.6), ios(3.2))
^
In file included from /Users/steph/Documents/CloudStation/ingescape/code/libzmq/builds/xcode/CMakeFiles/CMakeTmp/src.c:2:
In file included from /Applications/Xcode.app/Contents/Developer/Platforms/MacOSX.platform/Developer/SDKs/MacOSX10.15.sdk/usr/include/pthread.h:60:
In file included from /Applications/Xcode.app/Contents/Developer/Platforms/MacOSX.platform/Developer/SDKs/MacOSX10.15.sdk/usr/include/time.h:68:
/Applications/Xcode.app/Contents/Developer/Platforms/MacOSX.platform/Developer/SDKs/MacOSX10.15.sdk/usr/include/Availability.h:496:162: note: expanded from macro '__API_AVAILABLE'
    #define __API_AVAILABLE(...) __API_AVAILABLE_GET_MACRO(__VA_ARGS__,__API_AVAILABLE7, __API_AVAILABLE6, __API_AVAILABLE5, __API_AVAILABLE4, __API_AVAILABLE3, __API_AVAILABLE2, __API_AVAILABLE1, 0)(__VA_ARGS__)
                                                                                                                                                                 ^
1 error generated.

Ld Debug/cmTC_cd952 normal x86_64
    cd /Users/steph/Documents/CloudStation/ingescape/code/libzmq/builds/xcode/CMakeFiles/CMakeTmp
    /Applications/Xcode.app/Contents/Developer/Toolchains/XcodeDefault.xctoolchain/usr/bin/clang -target x86_64-apple-macos10.14 -isysroot /Applications/Xcode.app/Contents/Developer/Platforms/MacOSX.platform/Developer/SDKs/MacOSX10.15.sdk -L/Users/steph/Documents/CloudStation/ingescape/code/libzmq/builds/xcode/CMakeFiles/CMakeTmp/Debug -F/Users/steph/Documents/CloudStation/ingescape/code/libzmq/builds/xcode/CMakeFiles/CMakeTmp/Debug -filelist /Users/steph/Documents/CloudStation/ingescape/code/libzmq/builds/xcode/CMakeFiles/CMakeTmp/CMAKE_TRY_COMPILE.build/Debug/cmTC_cd952.build/Objects-normal/x86_64/cmTC_cd952.LinkFileList -Xlinker -object_path_lto -Xlinker /Users/steph/Documents/CloudStation/ingescape/code/libzmq/builds/xcode/CMakeFiles/CMakeTmp/CMAKE_TRY_COMPILE.build/Debug/cmTC_cd952.build/Objects-normal/x86_64/cmTC_cd952_lto.o -Xlinker -no_deduplicate -Wl,-search_paths_first -Wl,-headerpad_max_install_names -Xlinker -dependency_info -Xlinker /Users/steph/Documents/CloudStation/ingescape/code/libzmq/builds/xcode/CMakeFiles/CMakeTmp/CMAKE_TRY_COMPILE.build/Debug/cmTC_cd952.build/Objects-normal/x86_64/cmTC_cd952_dependency_info.dat -o /Users/steph/Documents/CloudStation/ingescape/code/libzmq/builds/xcode/CMakeFiles/CMakeTmp/Debug/cmTC_cd952
ld: file not found: /Users/steph/Documents/CloudStation/ingescape/code/libzmq/builds/xcode/CMakeFiles/CMakeTmp/CMAKE_TRY_COMPILE.build/Debug/cmTC_cd952.build/Objects-normal/x86_64/src.o
clang: error: linker command failed with exit code 1 (use -v to see invocation)

ProcessProductPackaging "" CMAKE_TRY_COMPILE.build/Debug/cmTC_cd952.build/cmTC_cd952.xcent
    cd /Users/steph/Documents/CloudStation/ingescape/code/libzmq/builds/xcode/CMakeFiles/CMakeTmp
    

Entitlements:

{
    "com.apple.security.get-task-allow" = 1;
}


    builtin-productPackagingUtility -entitlements -format xml -o /Users/steph/Documents/CloudStation/ingescape/code/libzmq/builds/xcode/CMakeFiles/CMakeTmp/CMAKE_TRY_COMPILE.build/Debug/cmTC_cd952.build/cmTC_cd952.xcent

CodeSign Debug/cmTC_cd952
    cd /Users/steph/Documents/CloudStation/ingescape/code/libzmq/builds/xcode/CMakeFiles/CMakeTmp
    
Signing Identity:     "-"

    /usr/bin/codesign --force --sign - --entitlements /Users/steph/Documents/CloudStation/ingescape/code/libzmq/builds/xcode/CMakeFiles/CMakeTmp/CMAKE_TRY_COMPILE.build/Debug/cmTC_cd952.build/cmTC_cd952.xcent --timestamp=none /Users/steph/Documents/CloudStation/ingescape/code/libzmq/builds/xcode/CMakeFiles/CMakeTmp/Debug/cmTC_cd952
/Users/steph/Documents/CloudStation/ingescape/code/libzmq/builds/xcode/CMakeFiles/CMakeTmp/Debug/cmTC_cd952: No such file or directory
Command /usr/bin/codesign failed with exit code 1

** BUILD FAILED **


The following build commands failed:
	CompileC CMAKE_TRY_COMPILE.build/Debug/cmTC_cd952.build/Objects-normal/x86_64/src.o src.c normal x86_64 c com.apple.compilers.llvm.clang.1_0.compiler
	Ld Debug/cmTC_cd952 normal x86_64
	CodeSign Debug/cmTC_cd952
(3 failures)


...and run output:

Return value: 1
Source file was:

#include <pthread.h>

int main(int argc, char *argv [])
{
    pthread_setname_np (pthread_self(), "foo", (void *)0);
    return 0;
}

Performing C SOURCE FILE Test ZMQ_HAVE_PTHREAD_SET_NAME failed with the following compile output:
Change Dir: /Users/steph/Documents/CloudStation/ingescape/code/libzmq/builds/xcode/CMakeFiles/CMakeTmp

Run Build Command(s):/usr/bin/xcodebuild -project CMAKE_TRY_COMPILE.xcodeproj build -target cmTC_8a15a -configuration Debug -hideShellScriptEnvironment && User defaults from command line:
    HideShellScriptEnvironment = YES

Prepare build
note: Using legacy build system
=== BUILD TARGET cmTC_8a15a OF PROJECT CMAKE_TRY_COMPILE WITH CONFIGURATION Debug ===

Check dependencies

Write auxiliary files
/bin/mkdir -p /Users/steph/Documents/CloudStation/ingescape/code/libzmq/builds/xcode/CMakeFiles/CMakeTmp/CMAKE_TRY_COMPILE.build/Debug/cmTC_8a15a.build/Objects-normal/x86_64
write-file /Users/steph/Documents/CloudStation/ingescape/code/libzmq/builds/xcode/CMakeFiles/CMakeTmp/CMAKE_TRY_COMPILE.build/Debug/cmTC_8a15a.build/Objects-normal/x86_64/cmTC_8a15a.LinkFileList

CompileC CMAKE_TRY_COMPILE.build/Debug/cmTC_8a15a.build/Objects-normal/x86_64/src.o src.c normal x86_64 c com.apple.compilers.llvm.clang.1_0.compiler
    cd /Users/steph/Documents/CloudStation/ingescape/code/libzmq/builds/xcode/CMakeFiles/CMakeTmp
    /Applications/Xcode.app/Contents/Developer/Toolchains/XcodeDefault.xctoolchain/usr/bin/clang -x c -target x86_64-apple-macos10.14 -fmessage-length=0 -fdiagnostics-show-note-include-stack -fmacro-backtrace-limit=0 -Wno-trigraphs -fpascal-strings -O0 -Wno-missing-field-initializers -Wno-missing-prototypes -Wno-return-type -Wno-missing-braces -Wparentheses -Wswitch -Wno-unused-function -Wno-unused-label -Wno-unused-parameter -Wno-unused-variable -Wunused-value -Wno-empty-body -Wno-uninitialized -Wno-unknown-pragmas -Wno-shadow -Wno-four-char-constants -Wno-conversion -Wno-constant-conversion -Wno-int-conversion -Wno-bool-conversion -Wno-enum-conversion -Wno-float-conversion -Wno-non-literal-null-conversion -Wno-objc-literal-conversion -Wno-shorten-64-to-32 -Wpointer-sign -Wno-newline-eof -DCMAKE_INTDIR=\"Debug\" -isysroot /Applications/Xcode.app/Contents/Developer/Platforms/MacOSX.platform/Developer/SDKs/MacOSX10.15.sdk -fasm-blocks -fstrict-aliasing -Wdeprecated-declarations -g -Wno-sign-conversion -Wno-infinite-recursion -Wno-comma -Wno-block-capture-autoreleasing -Wno-strict-prototypes -Wno-semicolon-before-method-body -I/Users/steph/Documents/CloudStation/ingescape/code/libzmq/builds/xcode/CMakeFiles/CMakeTmp/Debug/include -I/Users/steph/Documents/CloudStation/ingescape/code/libzmq/builds/xcode/CMakeFiles/CMakeTmp/CMAKE_TRY_COMPILE.build/Debug/cmTC_8a15a.build/DerivedSources-normal/x86_64 -I/Users/steph/Documents/CloudStation/ingescape/code/libzmq/builds/xcode/CMakeFiles/CMakeTmp/CMAKE_TRY_COMPILE.build/Debug/cmTC_8a15a.build/DerivedSources/x86_64 -I/Users/steph/Documents/CloudStation/ingescape/code/libzmq/builds/xcode/CMakeFiles/CMakeTmp/CMAKE_TRY_COMPILE.build/Debug/cmTC_8a15a.build/DerivedSources -Wmost -Wno-four-char-constants -Wno-unknown-pragmas -F/Users/steph/Documents/CloudStation/ingescape/code/libzmq/builds/xcode/CMakeFiles/CMakeTmp/Debug -std=gnu11 -Wno-tautological-constant-compare -DZMQ_HAVE_PTHREAD_SET_NAME -D_GNU_SOURCE -Werror -pthread -MMD -MT dependencies -MF /Users/steph/Documents/CloudStation/ingescape/code/libzmq/builds/xcode/CMakeFiles/CMakeTmp/CMAKE_TRY_COMPILE.build/Debug/cmTC_8a15a.build/Objects-normal/x86_64/src.d --serialize-diagnostics /Users/steph/Documents/CloudStation/ingescape/code/libzmq/builds/xcode/CMakeFiles/CMakeTmp/CMAKE_TRY_COMPILE.build/Debug/cmTC_8a15a.build/Objects-normal/x86_64/src.dia -c /Users/steph/Documents/CloudStation/ingescape/code/libzmq/builds/xcode/CMakeFiles/CMakeTmp/src.c -o /Users/steph/Documents/CloudStation/ingescape/code/libzmq/builds/xcode/CMakeFiles/CMakeTmp/CMAKE_TRY_COMPILE.build/Debug/cmTC_8a15a.build/Objects-normal/x86_64/src.o
/Users/steph/Documents/CloudStation/ingescape/code/libzmq/builds/xcode/CMakeFiles/CMakeTmp/src.c:6:5: error: implicit declaration of function 'pthread_set_name_np' is invalid in C99 [-Werror,-Wimplicit-function-declaration]
    pthread_set_name_np (pthread_self(), "foo");
    ^
/Users/steph/Documents/CloudStation/ingescape/code/libzmq/builds/xcode/CMakeFiles/CMakeTmp/src.c:6:5: note: did you mean 'pthread_setname_np'?
In file included from /Users/steph/Documents/CloudStation/ingescape/code/libzmq/builds/xcode/CMakeFiles/CMakeTmp/src.c:2:
/Applications/Xcode.app/Contents/Developer/Platforms/MacOSX.platform/Developer/SDKs/MacOSX10.15.sdk/usr/include/pthread.h:513:5: note: 'pthread_setname_np' declared here
int     pthread_setname_np(const char*);
        ^
1 error generated.

Ld Debug/cmTC_8a15a normal x86_64
    cd /Users/steph/Documents/CloudStation/ingescape/code/libzmq/builds/xcode/CMakeFiles/CMakeTmp
    /Applications/Xcode.app/Contents/Developer/Toolchains/XcodeDefault.xctoolchain/usr/bin/clang -target x86_64-apple-macos10.14 -isysroot /Applications/Xcode.app/Contents/Developer/Platforms/MacOSX.platform/Developer/SDKs/MacOSX10.15.sdk -L/Users/steph/Documents/CloudStation/ingescape/code/libzmq/builds/xcode/CMakeFiles/CMakeTmp/Debug -F/Users/steph/Documents/CloudStation/ingescape/code/libzmq/builds/xcode/CMakeFiles/CMakeTmp/Debug -filelist /Users/steph/Documents/CloudStation/ingescape/code/libzmq/builds/xcode/CMakeFiles/CMakeTmp/CMAKE_TRY_COMPILE.build/Debug/cmTC_8a15a.build/Objects-normal/x86_64/cmTC_8a15a.LinkFileList -Xlinker -object_path_lto -Xlinker /Users/steph/Documents/CloudStation/ingescape/code/libzmq/builds/xcode/CMakeFiles/CMakeTmp/CMAKE_TRY_COMPILE.build/Debug/cmTC_8a15a.build/Objects-normal/x86_64/cmTC_8a15a_lto.o -Xlinker -no_deduplicate -Wl,-search_paths_first -Wl,-headerpad_max_install_names -Xlinker -dependency_info -Xlinker /Users/steph/Documents/CloudStation/ingescape/code/libzmq/builds/xcode/CMakeFiles/CMakeTmp/CMAKE_TRY_COMPILE.build/Debug/cmTC_8a15a.build/Objects-normal/x86_64/cmTC_8a15a_dependency_info.dat -o /Users/steph/Documents/CloudStation/ingescape/code/libzmq/builds/xcode/CMakeFiles/CMakeTmp/Debug/cmTC_8a15a
ld: file not found: /Users/steph/Documents/CloudStation/ingescape/code/libzmq/builds/xcode/CMakeFiles/CMakeTmp/CMAKE_TRY_COMPILE.build/Debug/cmTC_8a15a.build/Objects-normal/x86_64/src.o
clang: error: linker command failed with exit code 1 (use -v to see invocation)

ProcessProductPackaging "" CMAKE_TRY_COMPILE.build/Debug/cmTC_8a15a.build/cmTC_8a15a.xcent
    cd /Users/steph/Documents/CloudStation/ingescape/code/libzmq/builds/xcode/CMakeFiles/CMakeTmp
    

Entitlements:

{
    "com.apple.security.get-task-allow" = 1;
}


    builtin-productPackagingUtility -entitlements -format xml -o /Users/steph/Documents/CloudStation/ingescape/code/libzmq/builds/xcode/CMakeFiles/CMakeTmp/CMAKE_TRY_COMPILE.build/Debug/cmTC_8a15a.build/cmTC_8a15a.xcent

CodeSign Debug/cmTC_8a15a
    cd /Users/steph/Documents/CloudStation/ingescape/code/libzmq/builds/xcode/CMakeFiles/CMakeTmp
    
Signing Identity:     "-"

    /usr/bin/codesign --force --sign - --entitlements /Users/steph/Documents/CloudStation/ingescape/code/libzmq/builds/xcode/CMakeFiles/CMakeTmp/CMAKE_TRY_COMPILE.build/Debug/cmTC_8a15a.build/cmTC_8a15a.xcent --timestamp=none /Users/steph/Documents/CloudStation/ingescape/code/libzmq/builds/xcode/CMakeFiles/CMakeTmp/Debug/cmTC_8a15a
/Users/steph/Documents/CloudStation/ingescape/code/libzmq/builds/xcode/CMakeFiles/CMakeTmp/Debug/cmTC_8a15a: No such file or directory
Command /usr/bin/codesign failed with exit code 1

** BUILD FAILED **


The following build commands failed:
	CompileC CMAKE_TRY_COMPILE.build/Debug/cmTC_8a15a.build/Objects-normal/x86_64/src.o src.c normal x86_64 c com.apple.compilers.llvm.clang.1_0.compiler
	Ld Debug/cmTC_8a15a normal x86_64
	CodeSign Debug/cmTC_8a15a
(3 failures)


...and run output:

Return value: 1
Source file was:

#include <pthread.h>

int main(int argc, char *argv [])
{
    pthread_set_name_np (pthread_self(), "foo");
    return 0;
}

Performing C SOURCE FILE Test ZMQ_HAVE_PTHREAD_SET_AFFINITY failed with the following compile output:
Change Dir: /Users/steph/Documents/CloudStation/ingescape/code/libzmq/builds/xcode/CMakeFiles/CMakeTmp

Run Build Command(s):/usr/bin/xcodebuild -project CMAKE_TRY_COMPILE.xcodeproj build -target cmTC_86038 -configuration Debug -hideShellScriptEnvironment && User defaults from command line:
    HideShellScriptEnvironment = YES

Prepare build
note: Using legacy build system
=== BUILD TARGET cmTC_86038 OF PROJECT CMAKE_TRY_COMPILE WITH CONFIGURATION Debug ===

Check dependencies

Write auxiliary files
/bin/mkdir -p /Users/steph/Documents/CloudStation/ingescape/code/libzmq/builds/xcode/CMakeFiles/CMakeTmp/CMAKE_TRY_COMPILE.build/Debug/cmTC_86038.build/Objects-normal/x86_64
write-file /Users/steph/Documents/CloudStation/ingescape/code/libzmq/builds/xcode/CMakeFiles/CMakeTmp/CMAKE_TRY_COMPILE.build/Debug/cmTC_86038.build/Objects-normal/x86_64/cmTC_86038.LinkFileList

CompileC CMAKE_TRY_COMPILE.build/Debug/cmTC_86038.build/Objects-normal/x86_64/src.o src.c normal x86_64 c com.apple.compilers.llvm.clang.1_0.compiler
    cd /Users/steph/Documents/CloudStation/ingescape/code/libzmq/builds/xcode/CMakeFiles/CMakeTmp
    /Applications/Xcode.app/Contents/Developer/Toolchains/XcodeDefault.xctoolchain/usr/bin/clang -x c -target x86_64-apple-macos10.14 -fmessage-length=0 -fdiagnostics-show-note-include-stack -fmacro-backtrace-limit=0 -Wno-trigraphs -fpascal-strings -O0 -Wno-missing-field-initializers -Wno-missing-prototypes -Wno-return-type -Wno-missing-braces -Wparentheses -Wswitch -Wno-unused-function -Wno-unused-label -Wno-unused-parameter -Wno-unused-variable -Wunused-value -Wno-empty-body -Wno-uninitialized -Wno-unknown-pragmas -Wno-shadow -Wno-four-char-constants -Wno-conversion -Wno-constant-conversion -Wno-int-conversion -Wno-bool-conversion -Wno-enum-conversion -Wno-float-conversion -Wno-non-literal-null-conversion -Wno-objc-literal-conversion -Wno-shorten-64-to-32 -Wpointer-sign -Wno-newline-eof -DCMAKE_INTDIR=\"Debug\" -isysroot /Applications/Xcode.app/Contents/Developer/Platforms/MacOSX.platform/Developer/SDKs/MacOSX10.15.sdk -fasm-blocks -fstrict-aliasing -Wdeprecated-declarations -g -Wno-sign-conversion -Wno-infinite-recursion -Wno-comma -Wno-block-capture-autoreleasing -Wno-strict-prototypes -Wno-semicolon-before-method-body -I/Users/steph/Documents/CloudStation/ingescape/code/libzmq/builds/xcode/CMakeFiles/CMakeTmp/Debug/include -I/Users/steph/Documents/CloudStation/ingescape/code/libzmq/builds/xcode/CMakeFiles/CMakeTmp/CMAKE_TRY_COMPILE.build/Debug/cmTC_86038.build/DerivedSources-normal/x86_64 -I/Users/steph/Documents/CloudStation/ingescape/code/libzmq/builds/xcode/CMakeFiles/CMakeTmp/CMAKE_TRY_COMPILE.build/Debug/cmTC_86038.build/DerivedSources/x86_64 -I/Users/steph/Documents/CloudStation/ingescape/code/libzmq/builds/xcode/CMakeFiles/CMakeTmp/CMAKE_TRY_COMPILE.build/Debug/cmTC_86038.build/DerivedSources -Wmost -Wno-four-char-constants -Wno-unknown-pragmas -F/Users/steph/Documents/CloudStation/ingescape/code/libzmq/builds/xcode/CMakeFiles/CMakeTmp/Debug -std=gnu11 -Wno-tautological-constant-compare -DZMQ_HAVE_PTHREAD_SET_AFFINITY -D_GNU_SOURCE -Werror -pthread -MMD -MT dependencies -MF /Users/steph/Documents/CloudStation/ingescape/code/libzmq/builds/xcode/CMakeFiles/CMakeTmp/CMAKE_TRY_COMPILE.build/Debug/cmTC_86038.build/Objects-normal/x86_64/src.d --serialize-diagnostics /Users/steph/Documents/CloudStation/ingescape/code/libzmq/builds/xcode/CMakeFiles/CMakeTmp/CMAKE_TRY_COMPILE.build/Debug/cmTC_86038.build/Objects-normal/x86_64/src.dia -c /Users/steph/Documents/CloudStation/ingescape/code/libzmq/builds/xcode/CMakeFiles/CMakeTmp/src.c -o /Users/steph/Documents/CloudStation/ingescape/code/libzmq/builds/xcode/CMakeFiles/CMakeTmp/CMAKE_TRY_COMPILE.build/Debug/cmTC_86038.build/Objects-normal/x86_64/src.o
/Users/steph/Documents/CloudStation/ingescape/code/libzmq/builds/xcode/CMakeFiles/CMakeTmp/src.c:6:5: error: use of undeclared identifier 'cpu_set_t'
    cpu_set_t test; 
    ^
/Users/steph/Documents/CloudStation/ingescape/code/libzmq/builds/xcode/CMakeFiles/CMakeTmp/src.c:7:5: error: implicit declaration of function 'pthread_setaffinity_np' is invalid in C99 [-Werror,-Wimplicit-function-declaration]
    pthread_setaffinity_np (pthread_self(), sizeof(cpu_set_t), &test);
    ^
/Users/steph/Documents/CloudStation/ingescape/code/libzmq/builds/xcode/CMakeFiles/CMakeTmp/src.c:7:5: note: did you mean 'pthread_setname_np'?
In file included from /Users/steph/Documents/CloudStation/ingescape/code/libzmq/builds/xcode/CMakeFiles/CMakeTmp/src.c:2:
/Applications/Xcode.app/Contents/Developer/Platforms/MacOSX.platform/Developer/SDKs/MacOSX10.15.sdk/usr/include/pthread.h:513:5: note: 'pthread_setname_np' declared here
int     pthread_setname_np(const char*);
        ^
/Users/steph/Documents/CloudStation/ingescape/code/libzmq/builds/xcode/CMakeFiles/CMakeTmp/src.c:7:52: error: use of undeclared identifier 'cpu_set_t'
    pthread_setaffinity_np (pthread_self(), sizeof(cpu_set_t), &test);
                                                   ^
/Users/steph/Documents/CloudStation/ingescape/code/libzmq/builds/xcode/CMakeFiles/CMakeTmp/src.c:7:65: error: use of undeclared identifier 'test'; did you mean 'tzset'?
    pthread_setaffinity_np (pthread_self(), sizeof(cpu_set_t), &test);
                                                                ^~~~
                                                                tzset
In file included from /Users/steph/Documents/CloudStation/ingescape/code/libzmq/builds/xcode/CMakeFiles/CMakeTmp/src.c:2:
In file included from /Applications/Xcode.app/Contents/Developer/Platforms/MacOSX.platform/Developer/SDKs/MacOSX10.15.sdk/usr/include/pthread.h:60:
/Applications/Xcode.app/Contents/Developer/Platforms/MacOSX.platform/Developer/SDKs/MacOSX10.15.sdk/usr/include/time.h:121:6: note: 'tzset' declared here
void tzset(void);
     ^
4 errors generated.

Ld Debug/cmTC_86038 normal x86_64
    cd /Users/steph/Documents/CloudStation/ingescape/code/libzmq/builds/xcode/CMakeFiles/CMakeTmp
    /Applications/Xcode.app/Contents/Developer/Toolchains/XcodeDefault.xctoolchain/usr/bin/clang -target x86_64-apple-macos10.14 -isysroot /Applications/Xcode.app/Contents/Developer/Platforms/MacOSX.platform/Developer/SDKs/MacOSX10.15.sdk -L/Users/steph/Documents/CloudStation/ingescape/code/libzmq/builds/xcode/CMakeFiles/CMakeTmp/Debug -F/Users/steph/Documents/CloudStation/ingescape/code/libzmq/builds/xcode/CMakeFiles/CMakeTmp/Debug -filelist /Users/steph/Documents/CloudStation/ingescape/code/libzmq/builds/xcode/CMakeFiles/CMakeTmp/CMAKE_TRY_COMPILE.build/Debug/cmTC_86038.build/Objects-normal/x86_64/cmTC_86038.LinkFileList -Xlinker -object_path_lto -Xlinker /Users/steph/Documents/CloudStation/ingescape/code/libzmq/builds/xcode/CMakeFiles/CMakeTmp/CMAKE_TRY_COMPILE.build/Debug/cmTC_86038.build/Objects-normal/x86_64/cmTC_86038_lto.o -Xlinker -no_deduplicate -Wl,-search_paths_first -Wl,-headerpad_max_install_names -Xlinker -dependency_info -Xlinker /Users/steph/Documents/CloudStation/ingescape/code/libzmq/builds/xcode/CMakeFiles/CMakeTmp/CMAKE_TRY_COMPILE.build/Debug/cmTC_86038.build/Objects-normal/x86_64/cmTC_86038_dependency_info.dat -o /Users/steph/Documents/CloudStation/ingescape/code/libzmq/builds/xcode/CMakeFiles/CMakeTmp/Debug/cmTC_86038
ld: file not found: /Users/steph/Documents/CloudStation/ingescape/code/libzmq/builds/xcode/CMakeFiles/CMakeTmp/CMAKE_TRY_COMPILE.build/Debug/cmTC_86038.build/Objects-normal/x86_64/src.o
clang: error: linker command failed with exit code 1 (use -v to see invocation)

ProcessProductPackaging "" CMAKE_TRY_COMPILE.build/Debug/cmTC_86038.build/cmTC_86038.xcent
    cd /Users/steph/Documents/CloudStation/ingescape/code/libzmq/builds/xcode/CMakeFiles/CMakeTmp
    

Entitlements:

{
    "com.apple.security.get-task-allow" = 1;
}


    builtin-productPackagingUtility -entitlements -format xml -o /Users/steph/Documents/CloudStation/ingescape/code/libzmq/builds/xcode/CMakeFiles/CMakeTmp/CMAKE_TRY_COMPILE.build/Debug/cmTC_86038.build/cmTC_86038.xcent

CodeSign Debug/cmTC_86038
    cd /Users/steph/Documents/CloudStation/ingescape/code/libzmq/builds/xcode/CMakeFiles/CMakeTmp
    
Signing Identity:     "-"

    /usr/bin/codesign --force --sign - --entitlements /Users/steph/Documents/CloudStation/ingescape/code/libzmq/builds/xcode/CMakeFiles/CMakeTmp/CMAKE_TRY_COMPILE.build/Debug/cmTC_86038.build/cmTC_86038.xcent --timestamp=none /Users/steph/Documents/CloudStation/ingescape/code/libzmq/builds/xcode/CMakeFiles/CMakeTmp/Debug/cmTC_86038
/Users/steph/Documents/CloudStation/ingescape/code/libzmq/builds/xcode/CMakeFiles/CMakeTmp/Debug/cmTC_86038: No such file or directory
Command /usr/bin/codesign failed with exit code 1

** BUILD FAILED **


The following build commands failed:
	CompileC CMAKE_TRY_COMPILE.build/Debug/cmTC_86038.build/Objects-normal/x86_64/src.o src.c normal x86_64 c com.apple.compilers.llvm.clang.1_0.compiler
	Ld Debug/cmTC_86038 normal x86_64
	CodeSign Debug/cmTC_86038
(3 failures)


...and run output:

Return value: 1
Source file was:

#include <pthread.h>

int main(int argc, char *argv [])
{
    cpu_set_t test; 
    pthread_setaffinity_np (pthread_self(), sizeof(cpu_set_t), &test);
    return 0;
}

Performing C SOURCE FILE Test ZMQ_HAVE_GETRANDOM failed with the following compile output:
Change Dir: /Users/steph/Documents/CloudStation/ingescape/code/libzmq/builds/xcode/CMakeFiles/CMakeTmp

Run Build Command(s):/usr/bin/xcodebuild -project CMAKE_TRY_COMPILE.xcodeproj build -target cmTC_82f5c -configuration Debug -hideShellScriptEnvironment && User defaults from command line:
    HideShellScriptEnvironment = YES

Prepare build
note: Using legacy build system
=== BUILD TARGET cmTC_82f5c OF PROJECT CMAKE_TRY_COMPILE WITH CONFIGURATION Debug ===

Check dependencies

Write auxiliary files
/bin/mkdir -p /Users/steph/Documents/CloudStation/ingescape/code/libzmq/builds/xcode/CMakeFiles/CMakeTmp/CMAKE_TRY_COMPILE.build/Debug/cmTC_82f5c.build/Objects-normal/x86_64
write-file /Users/steph/Documents/CloudStation/ingescape/code/libzmq/builds/xcode/CMakeFiles/CMakeTmp/CMAKE_TRY_COMPILE.build/Debug/cmTC_82f5c.build/Objects-normal/x86_64/cmTC_82f5c.LinkFileList

CompileC CMAKE_TRY_COMPILE.build/Debug/cmTC_82f5c.build/Objects-normal/x86_64/src.o src.c normal x86_64 c com.apple.compilers.llvm.clang.1_0.compiler
    cd /Users/steph/Documents/CloudStation/ingescape/code/libzmq/builds/xcode/CMakeFiles/CMakeTmp
    /Applications/Xcode.app/Contents/Developer/Toolchains/XcodeDefault.xctoolchain/usr/bin/clang -x c -target x86_64-apple-macos10.14 -fmessage-length=0 -fdiagnostics-show-note-include-stack -fmacro-backtrace-limit=0 -Wno-trigraphs -fpascal-strings -O0 -Wno-missing-field-initializers -Wno-missing-prototypes -Wno-return-type -Wno-missing-braces -Wparentheses -Wswitch -Wno-unused-function -Wno-unused-label -Wno-unused-parameter -Wno-unused-variable -Wunused-value -Wno-empty-body -Wno-uninitialized -Wno-unknown-pragmas -Wno-shadow -Wno-four-char-constants -Wno-conversion -Wno-constant-conversion -Wno-int-conversion -Wno-bool-conversion -Wno-enum-conversion -Wno-float-conversion -Wno-non-literal-null-conversion -Wno-objc-literal-conversion -Wno-shorten-64-to-32 -Wpointer-sign -Wno-newline-eof -DCMAKE_INTDIR=\"Debug\" -isysroot /Applications/Xcode.app/Contents/Developer/Platforms/MacOSX.platform/Developer/SDKs/MacOSX10.15.sdk -fasm-blocks -fstrict-aliasing -Wdeprecated-declarations -g -Wno-sign-conversion -Wno-infinite-recursion -Wno-comma -Wno-block-capture-autoreleasing -Wno-strict-prototypes -Wno-semicolon-before-method-body -I/Users/steph/Documents/CloudStation/ingescape/code/libzmq/builds/xcode/CMakeFiles/CMakeTmp/Debug/include -I/Users/steph/Documents/CloudStation/ingescape/code/libzmq/builds/xcode/CMakeFiles/CMakeTmp/CMAKE_TRY_COMPILE.build/Debug/cmTC_82f5c.build/DerivedSources-normal/x86_64 -I/Users/steph/Documents/CloudStation/ingescape/code/libzmq/builds/xcode/CMakeFiles/CMakeTmp/CMAKE_TRY_COMPILE.build/Debug/cmTC_82f5c.build/DerivedSources/x86_64 -I/Users/steph/Documents/CloudStation/ingescape/code/libzmq/builds/xcode/CMakeFiles/CMakeTmp/CMAKE_TRY_COMPILE.build/Debug/cmTC_82f5c.build/DerivedSources -Wmost -Wno-four-char-constants -Wno-unknown-pragmas -F/Users/steph/Documents/CloudStation/ingescape/code/libzmq/builds/xcode/CMakeFiles/CMakeTmp/Debug -std=gnu11 -Wno-tautological-constant-compare -DZMQ_HAVE_GETRANDOM -MMD -MT dependencies -MF /Users/steph/Documents/CloudStation/ingescape/code/libzmq/builds/xcode/CMakeFiles/CMakeTmp/CMAKE_TRY_COMPILE.build/Debug/cmTC_82f5c.build/Objects-normal/x86_64/src.d --serialize-diagnostics /Users/steph/Documents/CloudStation/ingescape/code/libzmq/builds/xcode/CMakeFiles/CMakeTmp/CMAKE_TRY_COMPILE.build/Debug/cmTC_82f5c.build/Objects-normal/x86_64/src.dia -c /Users/steph/Documents/CloudStation/ingescape/code/libzmq/builds/xcode/CMakeFiles/CMakeTmp/src.c -o /Users/steph/Documents/CloudStation/ingescape/code/libzmq/builds/xcode/CMakeFiles/CMakeTmp/CMAKE_TRY_COMPILE.build/Debug/cmTC_82f5c.build/Objects-normal/x86_64/src.o
In file included from /Users/steph/Documents/CloudStation/ingescape/code/libzmq/builds/xcode/CMakeFiles/CMakeTmp/src.c:2:
/Applications/Xcode.app/Contents/Developer/Platforms/MacOSX.platform/Developer/SDKs/MacOSX10.15.sdk/usr/include/sys/random.h:36:21: error: expected parameter declarator
    __OSX_AVAILABLE(10.12) __IOS_AVAILABLE(10.0) __TVOS_AVAILABLE(10.0) __WATCHOS_AVAILABLE(3.0)
                    ^
/Applications/Xcode.app/Contents/Developer/Platforms/MacOSX.platform/Developer/SDKs/MacOSX10.15.sdk/usr/include/sys/random.h:36:21: error: expected ')'
/Applications/Xcode.app/Contents/Developer/Platforms/MacOSX.platform/Developer/SDKs/MacOSX10.15.sdk/usr/include/sys/random.h:36:20: note: to match this '('
    __OSX_AVAILABLE(10.12) __IOS_AVAILABLE(10.0) __TVOS_AVAILABLE(10.0) __WATCHOS_AVAILABLE(3.0)
                   ^
/Applications/Xcode.app/Contents/Developer/Platforms/MacOSX.platform/Developer/SDKs/MacOSX10.15.sdk/usr/include/sys/random.h:36:28: error: expected function body after function declarator
    __OSX_AVAILABLE(10.12) __IOS_AVAILABLE(10.0) __TVOS_AVAILABLE(10.0) __WATCHOS_AVAILABLE(3.0)
                           ^
/Users/steph/Documents/CloudStation/ingescape/code/libzmq/builds/xcode/CMakeFiles/CMakeTmp/src.c:7:14: warning: implicit declaration of function 'getrandom' is invalid in C99 [-Wimplicit-function-declaration]
    int rc = getrandom(buf, 4, 0);
             ^
1 warning and 3 errors generated.

Ld Debug/cmTC_82f5c normal x86_64
    cd /Users/steph/Documents/CloudStation/ingescape/code/libzmq/builds/xcode/CMakeFiles/CMakeTmp
    /Applications/Xcode.app/Contents/Developer/Toolchains/XcodeDefault.xctoolchain/usr/bin/clang -target x86_64-apple-macos10.14 -isysroot /Applications/Xcode.app/Contents/Developer/Platforms/MacOSX.platform/Developer/SDKs/MacOSX10.15.sdk -L/Users/steph/Documents/CloudStation/ingescape/code/libzmq/builds/xcode/CMakeFiles/CMakeTmp/Debug -F/Users/steph/Documents/CloudStation/ingescape/code/libzmq/builds/xcode/CMakeFiles/CMakeTmp/Debug -filelist /Users/steph/Documents/CloudStation/ingescape/code/libzmq/builds/xcode/CMakeFiles/CMakeTmp/CMAKE_TRY_COMPILE.build/Debug/cmTC_82f5c.build/Objects-normal/x86_64/cmTC_82f5c.LinkFileList -Xlinker -object_path_lto -Xlinker /Users/steph/Documents/CloudStation/ingescape/code/libzmq/builds/xcode/CMakeFiles/CMakeTmp/CMAKE_TRY_COMPILE.build/Debug/cmTC_82f5c.build/Objects-normal/x86_64/cmTC_82f5c_lto.o -Xlinker -no_deduplicate -Wl,-search_paths_first -Wl,-headerpad_max_install_names -Xlinker -dependency_info -Xlinker /Users/steph/Documents/CloudStation/ingescape/code/libzmq/builds/xcode/CMakeFiles/CMakeTmp/CMAKE_TRY_COMPILE.build/Debug/cmTC_82f5c.build/Objects-normal/x86_64/cmTC_82f5c_dependency_info.dat -o /Users/steph/Documents/CloudStation/ingescape/code/libzmq/builds/xcode/CMakeFiles/CMakeTmp/Debug/cmTC_82f5c
ld: file not found: /Users/steph/Documents/CloudStation/ingescape/code/libzmq/builds/xcode/CMakeFiles/CMakeTmp/CMAKE_TRY_COMPILE.build/Debug/cmTC_82f5c.build/Objects-normal/x86_64/src.o
clang: error: linker command failed with exit code 1 (use -v to see invocation)

ProcessProductPackaging "" CMAKE_TRY_COMPILE.build/Debug/cmTC_82f5c.build/cmTC_82f5c.xcent
    cd /Users/steph/Documents/CloudStation/ingescape/code/libzmq/builds/xcode/CMakeFiles/CMakeTmp
    

Entitlements:

{
    "com.apple.security.get-task-allow" = 1;
}


    builtin-productPackagingUtility -entitlements -format xml -o /Users/steph/Documents/CloudStation/ingescape/code/libzmq/builds/xcode/CMakeFiles/CMakeTmp/CMAKE_TRY_COMPILE.build/Debug/cmTC_82f5c.build/cmTC_82f5c.xcent

CodeSign Debug/cmTC_82f5c
    cd /Users/steph/Documents/CloudStation/ingescape/code/libzmq/builds/xcode/CMakeFiles/CMakeTmp
    
Signing Identity:     "-"

    /usr/bin/codesign --force --sign - --entitlements /Users/steph/Documents/CloudStation/ingescape/code/libzmq/builds/xcode/CMakeFiles/CMakeTmp/CMAKE_TRY_COMPILE.build/Debug/cmTC_82f5c.build/cmTC_82f5c.xcent --timestamp=none /Users/steph/Documents/CloudStation/ingescape/code/libzmq/builds/xcode/CMakeFiles/CMakeTmp/Debug/cmTC_82f5c
/Users/steph/Documents/CloudStation/ingescape/code/libzmq/builds/xcode/CMakeFiles/CMakeTmp/Debug/cmTC_82f5c: No such file or directory
Command /usr/bin/codesign failed with exit code 1

** BUILD FAILED **


The following build commands failed:
	CompileC CMAKE_TRY_COMPILE.build/Debug/cmTC_82f5c.build/Objects-normal/x86_64/src.o src.c normal x86_64 c com.apple.compilers.llvm.clang.1_0.compiler
	Ld Debug/cmTC_82f5c normal x86_64
	CodeSign Debug/cmTC_82f5c
(3 failures)


...and run output:

Return value: 1
Source file was:

#include <sys/random.h>

int main (int argc, char *argv [])
{
    char buf[4];
    int rc = getrandom(buf, 4, 0);
    return rc == -1 ? 1 : 0;
}

